2024/09/12 09:59:19 [notice] 1#1: using the "epoll" event method
2024/09/12 09:59:19 [notice] 1#1: nginx/1.26.2
2024/09/12 09:59:19 [notice] 1#1: built by gcc 13.2.1 20240309 (Alpine 13.2.1_git20240309) 
2024/09/12 09:59:19 [notice] 1#1: OS: Linux 6.10.0-linuxkit
2024/09/12 09:59:19 [notice] 1#1: getrlimit(RLIMIT_NOFILE): 1048576:1048576
2024/09/12 09:59:19 [notice] 1#1: start worker processes
2024/09/12 09:59:19 [notice] 1#1: start worker process 30
2024/09/12 09:59:19 [notice] 1#1: start worker process 31
2024/09/12 09:59:19 [notice] 1#1: start worker process 32
2024/09/12 09:59:19 [notice] 1#1: start worker process 33
2024/09/12 09:59:19 [notice] 1#1: start worker process 34
2024/09/12 09:59:19 [notice] 1#1: start worker process 35
2024/09/12 09:59:19 [notice] 1#1: start worker process 36
2024/09/12 09:59:19 [notice] 1#1: start worker process 37
2024/09/12 09:59:19 [notice] 1#1: start worker process 38
2024/09/12 09:59:19 [notice] 1#1: start worker process 39
2024/09/12 09:59:19 [notice] 1#1: start worker process 40
2024/09/12 10:01:23 [notice] 1#1: signal 3 (SIGQUIT) received, shutting down
2024/09/12 10:01:23 [notice] 30#30: gracefully shutting down
2024/09/12 10:01:23 [notice] 31#31: gracefully shutting down
2024/09/12 10:01:23 [notice] 31#31: exiting
2024/09/12 10:01:23 [notice] 32#32: gracefully shutting down
2024/09/12 10:01:23 [notice] 32#32: exiting
2024/09/12 10:01:23 [notice] 35#35: gracefully shutting down
2024/09/12 10:01:23 [notice] 35#35: exiting
2024/09/12 10:01:23 [notice] 38#38: gracefully shutting down
2024/09/12 10:01:23 [notice] 33#33: gracefully shutting down
2024/09/12 10:01:23 [notice] 34#34: gracefully shutting down
2024/09/12 10:01:23 [notice] 37#37: gracefully shutting down
2024/09/12 10:01:23 [notice] 36#36: gracefully shutting down
2024/09/12 10:01:23 [notice] 39#39: gracefully shutting down
2024/09/12 10:01:23 [notice] 40#40: gracefully shutting down
2024/09/12 10:01:23 [notice] 30#30: exiting
2024/09/12 10:01:23 [notice] 31#31: exit
2024/09/12 10:01:23 [notice] 32#32: exit
2024/09/12 10:01:23 [notice] 35#35: exit
2024/09/12 10:01:23 [notice] 38#38: exiting
2024/09/12 10:01:23 [notice] 33#33: exiting
2024/09/12 10:01:23 [notice] 34#34: exiting
2024/09/12 10:01:23 [notice] 37#37: exiting
2024/09/12 10:01:23 [notice] 36#36: exiting
2024/09/12 10:01:23 [notice] 37#37: exit
2024/09/12 10:01:23 [notice] 39#39: exiting
2024/09/12 10:01:23 [notice] 40#40: exiting
2024/09/12 10:01:23 [notice] 39#39: exit
2024/09/12 10:01:23 [notice] 30#30: exit
2024/09/12 10:01:23 [notice] 38#38: exit
2024/09/12 10:01:23 [notice] 33#33: exit
2024/09/12 10:01:23 [notice] 34#34: exit
2024/09/12 10:01:23 [notice] 36#36: exit
2024/09/12 10:01:23 [notice] 40#40: exit
2024/09/12 10:01:24 [notice] 1#1: signal 17 (SIGCHLD) received from 32
2024/09/12 10:01:24 [notice] 1#1: worker process 32 exited with code 0
2024/09/12 10:01:24 [notice] 1#1: signal 29 (SIGIO) received
2024/09/12 10:01:24 [notice] 1#1: signal 17 (SIGCHLD) received from 36
2024/09/12 10:01:24 [notice] 1#1: worker process 30 exited with code 0
2024/09/12 10:01:24 [notice] 1#1: worker process 31 exited with code 0
2024/09/12 10:01:24 [notice] 1#1: worker process 33 exited with code 0
2024/09/12 10:01:24 [notice] 1#1: worker process 34 exited with code 0
2024/09/12 10:01:24 [notice] 1#1: worker process 35 exited with code 0
2024/09/12 10:01:24 [notice] 1#1: worker process 36 exited with code 0
2024/09/12 10:01:24 [notice] 1#1: worker process 37 exited with code 0
2024/09/12 10:01:24 [notice] 1#1: worker process 38 exited with code 0
2024/09/12 10:01:24 [notice] 1#1: worker process 39 exited with code 0
2024/09/12 10:01:24 [notice] 1#1: worker process 40 exited with code 0
2024/09/12 10:01:24 [notice] 1#1: exit
2024/09/12 10:01:46 [notice] 1#1: using the "epoll" event method
2024/09/12 10:01:46 [notice] 1#1: nginx/1.26.2
2024/09/12 10:01:46 [notice] 1#1: built by gcc 13.2.1 20240309 (Alpine 13.2.1_git20240309) 
2024/09/12 10:01:46 [notice] 1#1: OS: Linux 6.10.0-linuxkit
2024/09/12 10:01:46 [notice] 1#1: getrlimit(RLIMIT_NOFILE): 1048576:1048576
2024/09/12 10:01:46 [notice] 1#1: start worker processes
2024/09/12 10:01:46 [notice] 1#1: start worker process 30
2024/09/12 10:01:46 [notice] 1#1: start worker process 31
2024/09/12 10:01:46 [notice] 1#1: start worker process 32
2024/09/12 10:01:46 [notice] 1#1: start worker process 33
2024/09/12 10:01:46 [notice] 1#1: start worker process 34
2024/09/12 10:01:46 [notice] 1#1: start worker process 35
2024/09/12 10:01:46 [notice] 1#1: start worker process 36
2024/09/12 10:01:46 [notice] 1#1: start worker process 37
2024/09/12 10:01:46 [notice] 1#1: start worker process 38
2024/09/12 10:01:46 [notice] 1#1: start worker process 39
2024/09/12 10:01:46 [notice] 1#1: start worker process 40
2024/09/12 10:02:34 [notice] 1#1: signal 3 (SIGQUIT) received, shutting down
2024/09/12 10:02:34 [notice] 31#31: gracefully shutting down
2024/09/12 10:02:34 [notice] 36#36: gracefully shutting down
2024/09/12 10:02:34 [notice] 30#30: gracefully shutting down
2024/09/12 10:02:34 [notice] 36#36: exiting
2024/09/12 10:02:34 [notice] 32#32: gracefully shutting down
2024/09/12 10:02:34 [notice] 32#32: exiting
2024/09/12 10:02:34 [notice] 33#33: gracefully shutting down
2024/09/12 10:02:34 [notice] 33#33: exiting
2024/09/12 10:02:34 [notice] 35#35: gracefully shutting down
2024/09/12 10:02:34 [notice] 35#35: exiting
2024/09/12 10:02:34 [notice] 39#39: gracefully shutting down
2024/09/12 10:02:34 [notice] 35#35: exit
2024/09/12 10:02:34 [notice] 38#38: gracefully shutting down
2024/09/12 10:02:34 [notice] 37#37: gracefully shutting down
2024/09/12 10:02:34 [notice] 37#37: exiting
2024/09/12 10:02:34 [notice] 34#34: gracefully shutting down
2024/09/12 10:02:34 [notice] 40#40: gracefully shutting down
2024/09/12 10:02:34 [notice] 31#31: exiting
2024/09/12 10:02:34 [notice] 30#30: exiting
2024/09/12 10:02:34 [notice] 36#36: exit
2024/09/12 10:02:34 [notice] 32#32: exit
2024/09/12 10:02:34 [notice] 33#33: exit
2024/09/12 10:02:34 [notice] 39#39: exiting
2024/09/12 10:02:34 [notice] 38#38: exiting
2024/09/12 10:02:34 [notice] 37#37: exit
2024/09/12 10:02:34 [notice] 38#38: exit
2024/09/12 10:02:34 [notice] 34#34: exiting
2024/09/12 10:02:34 [notice] 40#40: exiting
2024/09/12 10:02:34 [notice] 31#31: exit
2024/09/12 10:02:34 [notice] 30#30: exit
2024/09/12 10:02:34 [notice] 39#39: exit
2024/09/12 10:02:34 [notice] 34#34: exit
2024/09/12 10:02:34 [notice] 40#40: exit
2024/09/12 10:02:34 [notice] 1#1: signal 17 (SIGCHLD) received from 37
2024/09/12 10:02:34 [notice] 1#1: worker process 32 exited with code 0
2024/09/12 10:02:34 [notice] 1#1: worker process 33 exited with code 0
2024/09/12 10:02:34 [notice] 1#1: worker process 35 exited with code 0
2024/09/12 10:02:34 [notice] 1#1: worker process 36 exited with code 0
2024/09/12 10:02:34 [notice] 1#1: worker process 37 exited with code 0
2024/09/12 10:02:34 [notice] 1#1: worker process 38 exited with code 0
2024/09/12 10:02:34 [notice] 1#1: signal 29 (SIGIO) received
2024/09/12 10:02:34 [notice] 1#1: signal 17 (SIGCHLD) received from 32
2024/09/12 10:02:34 [notice] 1#1: signal 17 (SIGCHLD) received from 34
2024/09/12 10:02:34 [notice] 1#1: worker process 31 exited with code 0
2024/09/12 10:02:34 [notice] 1#1: worker process 34 exited with code 0
2024/09/12 10:02:34 [notice] 1#1: worker process 39 exited with code 0
2024/09/12 10:02:34 [notice] 1#1: signal 29 (SIGIO) received
2024/09/12 10:02:34 [notice] 1#1: signal 17 (SIGCHLD) received from 39
2024/09/12 10:02:34 [notice] 1#1: signal 17 (SIGCHLD) received from 30
2024/09/12 10:02:34 [notice] 1#1: worker process 30 exited with code 0
2024/09/12 10:02:34 [notice] 1#1: worker process 40 exited with code 0
2024/09/12 10:02:34 [notice] 1#1: exit
2024/09/12 10:09:18 [notice] 1#1: using the "epoll" event method
2024/09/12 10:09:18 [notice] 1#1: nginx/1.26.2
2024/09/12 10:09:18 [notice] 1#1: built by gcc 13.2.1 20240309 (Alpine 13.2.1_git20240309) 
2024/09/12 10:09:18 [notice] 1#1: OS: Linux 6.10.0-linuxkit
2024/09/12 10:09:18 [notice] 1#1: getrlimit(RLIMIT_NOFILE): 1048576:1048576
2024/09/12 10:09:18 [notice] 1#1: start worker processes
2024/09/12 10:09:18 [notice] 1#1: start worker process 30
2024/09/12 10:09:18 [notice] 1#1: start worker process 31
2024/09/12 10:09:18 [notice] 1#1: start worker process 32
2024/09/12 10:09:18 [notice] 1#1: start worker process 33
2024/09/12 10:09:18 [notice] 1#1: start worker process 34
2024/09/12 10:09:18 [notice] 1#1: start worker process 35
2024/09/12 10:09:18 [notice] 1#1: start worker process 36
2024/09/12 10:09:18 [notice] 1#1: start worker process 37
2024/09/12 10:09:18 [notice] 1#1: start worker process 38
2024/09/12 10:09:18 [notice] 1#1: start worker process 39
2024/09/12 10:09:18 [notice] 1#1: start worker process 40
2024/09/12 10:09:58 [notice] 1#1: signal 3 (SIGQUIT) received, shutting down
2024/09/12 10:09:58 [notice] 30#30: gracefully shutting down
2024/09/12 10:09:58 [notice] 39#39: gracefully shutting down
2024/09/12 10:09:58 [notice] 33#33: gracefully shutting down
2024/09/12 10:09:58 [notice] 32#32: gracefully shutting down
2024/09/12 10:09:58 [notice] 32#32: exiting
2024/09/12 10:09:58 [notice] 34#34: gracefully shutting down
2024/09/12 10:09:58 [notice] 40#40: gracefully shutting down
2024/09/12 10:09:58 [notice] 35#35: gracefully shutting down
2024/09/12 10:09:58 [notice] 31#31: gracefully shutting down
2024/09/12 10:09:58 [notice] 31#31: exiting
2024/09/12 10:09:58 [notice] 37#37: gracefully shutting down
2024/09/12 10:09:58 [notice] 30#30: exiting
2024/09/12 10:09:58 [notice] 38#38: gracefully shutting down
2024/09/12 10:09:58 [notice] 38#38: exiting
2024/09/12 10:09:58 [notice] 39#39: exiting
2024/09/12 10:09:58 [notice] 36#36: gracefully shutting down
2024/09/12 10:09:58 [notice] 39#39: exit
2024/09/12 10:09:58 [notice] 33#33: exiting
2024/09/12 10:09:58 [notice] 32#32: exit
2024/09/12 10:09:58 [notice] 34#34: exiting
2024/09/12 10:09:58 [notice] 40#40: exiting
2024/09/12 10:09:58 [notice] 35#35: exiting
2024/09/12 10:09:58 [notice] 31#31: exit
2024/09/12 10:09:58 [notice] 37#37: exiting
2024/09/12 10:09:58 [notice] 30#30: exit
2024/09/12 10:09:58 [notice] 38#38: exit
2024/09/12 10:09:58 [notice] 36#36: exiting
2024/09/12 10:09:58 [notice] 36#36: exit
2024/09/12 10:09:58 [notice] 33#33: exit
2024/09/12 10:09:58 [notice] 34#34: exit
2024/09/12 10:09:58 [notice] 40#40: exit
2024/09/12 10:09:58 [notice] 35#35: exit
2024/09/12 10:09:58 [notice] 37#37: exit
2024/09/12 10:09:59 [notice] 1#1: signal 17 (SIGCHLD) received from 36
2024/09/12 10:09:59 [notice] 1#1: worker process 30 exited with code 0
2024/09/12 10:09:59 [notice] 1#1: worker process 36 exited with code 0
2024/09/12 10:09:59 [notice] 1#1: worker process 39 exited with code 0
2024/09/12 10:09:59 [notice] 1#1: signal 29 (SIGIO) received
2024/09/12 10:09:59 [notice] 1#1: signal 17 (SIGCHLD) received from 39
2024/09/12 10:09:59 [notice] 1#1: signal 17 (SIGCHLD) received from 38
2024/09/12 10:09:59 [notice] 1#1: worker process 31 exited with code 0
2024/09/12 10:09:59 [notice] 1#1: worker process 32 exited with code 0
2024/09/12 10:09:59 [notice] 1#1: worker process 33 exited with code 0
2024/09/12 10:09:59 [notice] 1#1: worker process 34 exited with code 0
2024/09/12 10:09:59 [notice] 1#1: worker process 35 exited with code 0
2024/09/12 10:09:59 [notice] 1#1: worker process 37 exited with code 0
2024/09/12 10:09:59 [notice] 1#1: worker process 38 exited with code 0
2024/09/12 10:09:59 [notice] 1#1: worker process 40 exited with code 0
2024/09/12 10:09:59 [notice] 1#1: exit
2024/09/12 10:11:37 [notice] 1#1: using the "epoll" event method
2024/09/12 10:11:37 [notice] 1#1: nginx/1.26.2
2024/09/12 10:11:37 [notice] 1#1: built by gcc 13.2.1 20240309 (Alpine 13.2.1_git20240309) 
2024/09/12 10:11:37 [notice] 1#1: OS: Linux 6.10.0-linuxkit
2024/09/12 10:11:37 [notice] 1#1: getrlimit(RLIMIT_NOFILE): 1048576:1048576
2024/09/12 10:11:37 [notice] 1#1: start worker processes
2024/09/12 10:11:37 [notice] 1#1: start worker process 29
2024/09/12 10:11:37 [notice] 1#1: start worker process 30
2024/09/12 10:11:37 [notice] 1#1: start worker process 31
2024/09/12 10:11:37 [notice] 1#1: start worker process 32
2024/09/12 10:11:37 [notice] 1#1: start worker process 33
2024/09/12 10:11:37 [notice] 1#1: start worker process 34
2024/09/12 10:11:37 [notice] 1#1: start worker process 35
2024/09/12 10:11:37 [notice] 1#1: start worker process 36
2024/09/12 10:11:37 [notice] 1#1: start worker process 37
2024/09/12 10:11:37 [notice] 1#1: start worker process 38
2024/09/12 10:11:37 [notice] 1#1: start worker process 39
2024/09/12 10:12:10 [notice] 1#1: signal 3 (SIGQUIT) received, shutting down
2024/09/12 10:12:10 [notice] 29#29: gracefully shutting down
2024/09/12 10:12:10 [notice] 31#31: gracefully shutting down
2024/09/12 10:12:10 [notice] 35#35: gracefully shutting down
2024/09/12 10:12:10 [notice] 30#30: gracefully shutting down
2024/09/12 10:12:10 [notice] 34#34: gracefully shutting down
2024/09/12 10:12:10 [notice] 34#34: exiting
2024/09/12 10:12:10 [notice] 37#37: gracefully shutting down
2024/09/12 10:12:10 [notice] 36#36: gracefully shutting down
2024/09/12 10:12:10 [notice] 38#38: gracefully shutting down
2024/09/12 10:12:10 [notice] 32#32: gracefully shutting down
2024/09/12 10:12:10 [notice] 39#39: gracefully shutting down
2024/09/12 10:12:10 [notice] 33#33: gracefully shutting down
2024/09/12 10:12:10 [notice] 29#29: exiting
2024/09/12 10:12:10 [notice] 31#31: exiting
2024/09/12 10:12:10 [notice] 35#35: exiting
2024/09/12 10:12:10 [notice] 30#30: exiting
2024/09/12 10:12:10 [notice] 34#34: exit
2024/09/12 10:12:10 [notice] 37#37: exiting
2024/09/12 10:12:10 [notice] 36#36: exiting
2024/09/12 10:12:10 [notice] 37#37: exit
2024/09/12 10:12:10 [notice] 38#38: exiting
2024/09/12 10:12:10 [notice] 32#32: exiting
2024/09/12 10:12:10 [notice] 39#39: exiting
2024/09/12 10:12:10 [notice] 33#33: exiting
2024/09/12 10:12:10 [notice] 39#39: exit
2024/09/12 10:12:10 [notice] 29#29: exit
2024/09/12 10:12:10 [notice] 31#31: exit
2024/09/12 10:12:10 [notice] 35#35: exit
2024/09/12 10:12:10 [notice] 30#30: exit
2024/09/12 10:12:10 [notice] 36#36: exit
2024/09/12 10:12:10 [notice] 38#38: exit
2024/09/12 10:12:10 [notice] 32#32: exit
2024/09/12 10:12:10 [notice] 33#33: exit
2024/09/12 10:12:10 [notice] 1#1: signal 17 (SIGCHLD) received from 34
2024/09/12 10:12:10 [notice] 1#1: worker process 34 exited with code 0
2024/09/12 10:12:10 [notice] 1#1: signal 29 (SIGIO) received
2024/09/12 10:12:10 [notice] 1#1: signal 17 (SIGCHLD) received from 36
2024/09/12 10:12:10 [notice] 1#1: worker process 29 exited with code 0
2024/09/12 10:12:10 [notice] 1#1: worker process 31 exited with code 0
2024/09/12 10:12:10 [notice] 1#1: worker process 33 exited with code 0
2024/09/12 10:12:10 [notice] 1#1: worker process 35 exited with code 0
2024/09/12 10:12:10 [notice] 1#1: worker process 36 exited with code 0
2024/09/12 10:12:10 [notice] 1#1: worker process 38 exited with code 0
2024/09/12 10:12:10 [notice] 1#1: signal 29 (SIGIO) received
2024/09/12 10:12:10 [notice] 1#1: signal 17 (SIGCHLD) received from 35
2024/09/12 10:12:10 [notice] 1#1: signal 17 (SIGCHLD) received from 39
2024/09/12 10:12:10 [notice] 1#1: worker process 39 exited with code 0
2024/09/12 10:12:10 [notice] 1#1: worker process 30 exited with code 0
2024/09/12 10:12:10 [notice] 1#1: worker process 32 exited with code 0
2024/09/12 10:12:10 [notice] 1#1: worker process 37 exited with code 0
2024/09/12 10:12:10 [notice] 1#1: exit
2024/09/12 10:15:41 [notice] 1#1: using the "epoll" event method
2024/09/12 10:15:41 [notice] 1#1: nginx/1.26.2
2024/09/12 10:15:41 [notice] 1#1: built by gcc 13.2.1 20240309 (Alpine 13.2.1_git20240309) 
2024/09/12 10:15:41 [notice] 1#1: OS: Linux 6.10.0-linuxkit
2024/09/12 10:15:41 [notice] 1#1: getrlimit(RLIMIT_NOFILE): 1048576:1048576
2024/09/12 10:15:41 [notice] 1#1: start worker processes
2024/09/12 10:15:41 [notice] 1#1: start worker process 30
2024/09/12 10:15:41 [notice] 1#1: start worker process 31
2024/09/12 10:15:41 [notice] 1#1: start worker process 32
2024/09/12 10:15:41 [notice] 1#1: start worker process 33
2024/09/12 10:15:41 [notice] 1#1: start worker process 34
2024/09/12 10:15:41 [notice] 1#1: start worker process 35
2024/09/12 10:15:41 [notice] 1#1: start worker process 36
2024/09/12 10:15:41 [notice] 1#1: start worker process 37
2024/09/12 10:15:41 [notice] 1#1: start worker process 38
2024/09/12 10:15:41 [notice] 1#1: start worker process 39
2024/09/12 10:15:41 [notice] 1#1: start worker process 40
2024/09/12 10:23:53 [notice] 1#1: signal 3 (SIGQUIT) received, shutting down
2024/09/12 10:23:53 [notice] 32#32: gracefully shutting down
2024/09/12 10:23:53 [notice] 32#32: exiting
2024/09/12 10:23:53 [notice] 34#34: gracefully shutting down
2024/09/12 10:23:53 [notice] 35#35: gracefully shutting down
2024/09/12 10:23:53 [notice] 35#35: exiting
2024/09/12 10:23:53 [notice] 33#33: gracefully shutting down
2024/09/12 10:23:53 [notice] 31#31: gracefully shutting down
2024/09/12 10:23:53 [notice] 31#31: exiting
2024/09/12 10:23:53 [notice] 30#30: gracefully shutting down
2024/09/12 10:23:53 [notice] 36#36: gracefully shutting down
2024/09/12 10:23:53 [notice] 38#38: gracefully shutting down
2024/09/12 10:23:53 [notice] 39#39: gracefully shutting down
2024/09/12 10:23:53 [notice] 37#37: gracefully shutting down
2024/09/12 10:23:53 [notice] 37#37: exiting
2024/09/12 10:23:53 [notice] 40#40: gracefully shutting down
2024/09/12 10:23:53 [notice] 40#40: exiting
2024/09/12 10:23:53 [notice] 34#34: exiting
2024/09/12 10:23:53 [notice] 32#32: exit
2024/09/12 10:23:53 [notice] 35#35: exit
2024/09/12 10:23:53 [notice] 33#33: exiting
2024/09/12 10:23:53 [notice] 31#31: exit
2024/09/12 10:23:53 [notice] 30#30: exiting
2024/09/12 10:23:53 [notice] 36#36: exiting
2024/09/12 10:23:53 [notice] 38#38: exiting
2024/09/12 10:23:53 [notice] 39#39: exiting
2024/09/12 10:23:53 [notice] 38#38: exit
2024/09/12 10:23:53 [notice] 37#37: exit
2024/09/12 10:23:53 [notice] 40#40: exit
2024/09/12 10:23:53 [notice] 34#34: exit
2024/09/12 10:23:53 [notice] 33#33: exit
2024/09/12 10:23:53 [notice] 30#30: exit
2024/09/12 10:23:53 [notice] 36#36: exit
2024/09/12 10:23:53 [notice] 39#39: exit
2024/09/12 10:23:53 [notice] 1#1: signal 17 (SIGCHLD) received from 35
2024/09/12 10:23:53 [notice] 1#1: worker process 32 exited with code 0
2024/09/12 10:23:53 [notice] 1#1: worker process 35 exited with code 0
2024/09/12 10:23:53 [notice] 1#1: worker process 31 exited with code 0
2024/09/12 10:23:53 [notice] 1#1: worker process 30 exited with code 0
2024/09/12 10:23:53 [notice] 1#1: worker process 33 exited with code 0
2024/09/12 10:23:53 [notice] 1#1: worker process 34 exited with code 0
2024/09/12 10:23:53 [notice] 1#1: signal 29 (SIGIO) received
2024/09/12 10:23:53 [notice] 1#1: signal 17 (SIGCHLD) received from 32
2024/09/12 10:23:53 [notice] 1#1: signal 17 (SIGCHLD) received from 40
2024/09/12 10:23:53 [notice] 1#1: worker process 40 exited with code 0
2024/09/12 10:23:53 [notice] 1#1: worker process 36 exited with code 0
2024/09/12 10:23:53 [notice] 1#1: worker process 37 exited with code 0
2024/09/12 10:23:53 [notice] 1#1: worker process 38 exited with code 0
2024/09/12 10:23:53 [notice] 1#1: signal 29 (SIGIO) received
2024/09/12 10:23:53 [notice] 1#1: signal 17 (SIGCHLD) received from 36
2024/09/12 10:23:53 [notice] 1#1: signal 17 (SIGCHLD) received from 39
2024/09/12 10:23:53 [notice] 1#1: worker process 39 exited with code 0
2024/09/12 10:23:53 [notice] 1#1: exit
2024/09/12 10:25:19 [notice] 1#1: using the "epoll" event method
2024/09/12 10:25:19 [notice] 1#1: nginx/1.26.2
2024/09/12 10:25:19 [notice] 1#1: built by gcc 13.2.1 20240309 (Alpine 13.2.1_git20240309) 
2024/09/12 10:25:19 [notice] 1#1: OS: Linux 6.10.0-linuxkit
2024/09/12 10:25:19 [notice] 1#1: getrlimit(RLIMIT_NOFILE): 1048576:1048576
2024/09/12 10:25:19 [notice] 1#1: start worker processes
2024/09/12 10:25:19 [notice] 1#1: start worker process 30
2024/09/12 10:25:19 [notice] 1#1: start worker process 31
2024/09/12 10:25:19 [notice] 1#1: start worker process 32
2024/09/12 10:25:19 [notice] 1#1: start worker process 33
2024/09/12 10:25:19 [notice] 1#1: start worker process 34
2024/09/12 10:25:19 [notice] 1#1: start worker process 35
2024/09/12 10:25:19 [notice] 1#1: start worker process 36
2024/09/12 10:25:19 [notice] 1#1: start worker process 37
2024/09/12 10:25:19 [notice] 1#1: start worker process 38
2024/09/12 10:25:19 [notice] 1#1: start worker process 39
2024/09/12 10:25:19 [notice] 1#1: start worker process 40
2024/09/12 10:25:51 [notice] 1#1: signal 3 (SIGQUIT) received, shutting down
2024/09/12 10:25:51 [notice] 34#34: gracefully shutting down
2024/09/12 10:25:51 [notice] 34#34: exiting
2024/09/12 10:25:51 [notice] 39#39: gracefully shutting down
2024/09/12 10:25:51 [notice] 30#30: gracefully shutting down
2024/09/12 10:25:51 [notice] 33#33: gracefully shutting down
2024/09/12 10:25:51 [notice] 31#31: gracefully shutting down
2024/09/12 10:25:51 [notice] 31#31: exiting
2024/09/12 10:25:51 [notice] 36#36: gracefully shutting down
2024/09/12 10:25:51 [notice] 32#32: gracefully shutting down
2024/09/12 10:25:51 [notice] 38#38: gracefully shutting down
2024/09/12 10:25:51 [notice] 37#37: gracefully shutting down
2024/09/12 10:25:51 [notice] 40#40: gracefully shutting down
2024/09/12 10:25:51 [notice] 35#35: gracefully shutting down
2024/09/12 10:25:51 [notice] 39#39: exiting
2024/09/12 10:25:51 [notice] 34#34: exit
2024/09/12 10:25:51 [notice] 30#30: exiting
2024/09/12 10:25:51 [notice] 33#33: exiting
2024/09/12 10:25:51 [notice] 30#30: exit
2024/09/12 10:25:51 [notice] 31#31: exit
2024/09/12 10:25:51 [notice] 36#36: exiting
2024/09/12 10:25:51 [notice] 32#32: exiting
2024/09/12 10:25:51 [notice] 38#38: exiting
2024/09/12 10:25:51 [notice] 32#32: exit
2024/09/12 10:25:51 [notice] 37#37: exiting
2024/09/12 10:25:51 [notice] 40#40: exiting
2024/09/12 10:25:51 [notice] 35#35: exiting
2024/09/12 10:25:51 [notice] 39#39: exit
2024/09/12 10:25:51 [notice] 35#35: exit
2024/09/12 10:25:51 [notice] 33#33: exit
2024/09/12 10:25:51 [notice] 36#36: exit
2024/09/12 10:25:51 [notice] 38#38: exit
2024/09/12 10:25:51 [notice] 37#37: exit
2024/09/12 10:25:51 [notice] 40#40: exit
2024/09/12 10:25:51 [notice] 1#1: signal 17 (SIGCHLD) received from 39
2024/09/12 10:25:51 [notice] 1#1: worker process 34 exited with code 0
2024/09/12 10:25:51 [notice] 1#1: worker process 32 exited with code 0
2024/09/12 10:25:51 [notice] 1#1: worker process 33 exited with code 0
2024/09/12 10:25:51 [notice] 1#1: worker process 35 exited with code 0
2024/09/12 10:25:51 [notice] 1#1: worker process 37 exited with code 0
2024/09/12 10:25:51 [notice] 1#1: worker process 36 exited with code 0
2024/09/12 10:25:51 [notice] 1#1: worker process 39 exited with code 0
2024/09/12 10:25:51 [notice] 1#1: worker process 40 exited with code 0
2024/09/12 10:25:51 [notice] 1#1: signal 29 (SIGIO) received
2024/09/12 10:25:51 [notice] 1#1: signal 17 (SIGCHLD) received from 34
2024/09/12 10:25:51 [notice] 1#1: signal 17 (SIGCHLD) received from 30
2024/09/12 10:25:51 [notice] 1#1: worker process 30 exited with code 0
2024/09/12 10:25:51 [notice] 1#1: worker process 38 exited with code 0
2024/09/12 10:25:51 [notice] 1#1: signal 17 (SIGCHLD) received from 38
2024/09/12 10:25:51 [notice] 1#1: worker process 31 exited with code 0
2024/09/12 10:25:51 [notice] 1#1: exit
2024/09/12 11:23:36 [notice] 1#1: using the "epoll" event method
2024/09/12 11:23:36 [notice] 1#1: nginx/1.26.2
2024/09/12 11:23:36 [notice] 1#1: built by gcc 13.2.1 20240309 (Alpine 13.2.1_git20240309) 
2024/09/12 11:23:36 [notice] 1#1: OS: Linux 6.10.0-linuxkit
2024/09/12 11:23:36 [notice] 1#1: getrlimit(RLIMIT_NOFILE): 1048576:1048576
2024/09/12 11:23:36 [notice] 1#1: start worker processes
2024/09/12 11:23:36 [notice] 1#1: start worker process 30
2024/09/12 11:23:36 [notice] 1#1: start worker process 31
2024/09/12 11:23:36 [notice] 1#1: start worker process 32
2024/09/12 11:23:36 [notice] 1#1: start worker process 33
2024/09/12 11:23:36 [notice] 1#1: start worker process 34
2024/09/12 11:23:36 [notice] 1#1: start worker process 35
2024/09/12 11:23:36 [notice] 1#1: start worker process 36
2024/09/12 11:23:36 [notice] 1#1: start worker process 37
2024/09/12 11:23:36 [notice] 1#1: start worker process 38
2024/09/12 11:23:36 [notice] 1#1: start worker process 39
2024/09/12 11:23:36 [notice] 1#1: start worker process 40
2024/09/12 11:23:50 [error] 30#30: *2 open() "/usr/share/nginx/html/favicon.ico" failed (2: No such file or directory), client: 192.168.65.1, server: localhost, request: "GET /favicon.ico HTTP/1.1", host: "localhost:8080", referrer: "http://localhost:8080/"
2024/09/12 11:36:53 [notice] 1#1: signal 3 (SIGQUIT) received, shutting down
2024/09/12 11:36:53 [notice] 30#30: gracefully shutting down
2024/09/12 11:36:53 [notice] 31#31: gracefully shutting down
2024/09/12 11:36:53 [notice] 32#32: gracefully shutting down
2024/09/12 11:36:53 [notice] 32#32: exiting
2024/09/12 11:36:53 [notice] 35#35: gracefully shutting down
2024/09/12 11:36:53 [notice] 36#36: gracefully shutting down
2024/09/12 11:36:53 [notice] 33#33: gracefully shutting down
2024/09/12 11:36:53 [notice] 37#37: gracefully shutting down
2024/09/12 11:36:53 [notice] 38#38: gracefully shutting down
2024/09/12 11:36:53 [notice] 34#34: gracefully shutting down
2024/09/12 11:36:53 [notice] 39#39: gracefully shutting down
2024/09/12 11:36:53 [notice] 40#40: gracefully shutting down
2024/09/12 11:36:53 [notice] 30#30: exiting
2024/09/12 11:36:53 [notice] 31#31: exiting
2024/09/12 11:36:53 [notice] 32#32: exit
2024/09/12 11:36:53 [notice] 35#35: exiting
2024/09/12 11:36:53 [notice] 36#36: exiting
2024/09/12 11:36:53 [notice] 33#33: exiting
2024/09/12 11:36:53 [notice] 37#37: exiting
2024/09/12 11:36:53 [notice] 38#38: exiting
2024/09/12 11:36:53 [notice] 37#37: exit
2024/09/12 11:36:53 [notice] 34#34: exiting
2024/09/12 11:36:53 [notice] 39#39: exiting
2024/09/12 11:36:53 [notice] 34#34: exit
2024/09/12 11:36:53 [notice] 40#40: exiting
2024/09/12 11:36:53 [notice] 40#40: exit
2024/09/12 11:36:53 [notice] 30#30: exit
2024/09/12 11:36:53 [notice] 31#31: exit
2024/09/12 11:36:53 [notice] 35#35: exit
2024/09/12 11:36:53 [notice] 36#36: exit
2024/09/12 11:36:53 [notice] 33#33: exit
2024/09/12 11:36:53 [notice] 38#38: exit
2024/09/12 11:36:53 [notice] 39#39: exit
2024/09/12 11:36:53 [notice] 1#1: signal 17 (SIGCHLD) received from 31
2024/09/12 11:36:53 [notice] 1#1: worker process 31 exited with code 0
2024/09/12 11:36:53 [notice] 1#1: worker process 34 exited with code 0
2024/09/12 11:36:53 [notice] 1#1: worker process 37 exited with code 0
2024/09/12 11:36:53 [notice] 1#1: signal 29 (SIGIO) received
2024/09/12 11:36:53 [notice] 1#1: signal 17 (SIGCHLD) received from 34
2024/09/12 11:36:53 [notice] 1#1: signal 17 (SIGCHLD) received from 30
2024/09/12 11:36:53 [notice] 1#1: worker process 30 exited with code 0
2024/09/12 11:36:53 [notice] 1#1: worker process 32 exited with code 0
2024/09/12 11:36:53 [notice] 1#1: worker process 35 exited with code 0
2024/09/12 11:36:53 [notice] 1#1: worker process 36 exited with code 0
2024/09/12 11:36:53 [notice] 1#1: worker process 39 exited with code 0
2024/09/12 11:36:53 [notice] 1#1: worker process 40 exited with code 0
2024/09/12 11:36:53 [notice] 1#1: signal 29 (SIGIO) received
2024/09/12 11:36:53 [notice] 1#1: signal 17 (SIGCHLD) received from 40
2024/09/12 11:36:53 [notice] 1#1: signal 17 (SIGCHLD) received from 33
2024/09/12 11:36:53 [notice] 1#1: worker process 33 exited with code 0
2024/09/12 11:36:53 [notice] 1#1: worker process 38 exited with code 0
2024/09/12 11:36:53 [notice] 1#1: exit
2024/09/12 11:37:21 [notice] 1#1: using the "epoll" event method
2024/09/12 11:37:21 [notice] 1#1: nginx/1.26.2
2024/09/12 11:37:21 [notice] 1#1: built by gcc 13.2.1 20240309 (Alpine 13.2.1_git20240309) 
2024/09/12 11:37:21 [notice] 1#1: OS: Linux 6.10.0-linuxkit
2024/09/12 11:37:21 [notice] 1#1: getrlimit(RLIMIT_NOFILE): 1048576:1048576
2024/09/12 11:37:21 [notice] 1#1: start worker processes
2024/09/12 11:37:21 [notice] 1#1: start worker process 30
2024/09/12 11:37:21 [notice] 1#1: start worker process 31
2024/09/12 11:37:21 [notice] 1#1: start worker process 32
2024/09/12 11:37:21 [notice] 1#1: start worker process 33
2024/09/12 11:37:21 [notice] 1#1: start worker process 34
2024/09/12 11:37:21 [notice] 1#1: start worker process 35
2024/09/12 11:37:21 [notice] 1#1: start worker process 36
2024/09/12 11:37:21 [notice] 1#1: start worker process 37
2024/09/12 11:37:21 [notice] 1#1: start worker process 38
2024/09/12 11:37:21 [notice] 1#1: start worker process 39
2024/09/12 11:37:21 [notice] 1#1: start worker process 40
2024/09/12 11:44:58 [notice] 1#1: signal 3 (SIGQUIT) received, shutting down
2024/09/12 11:44:58 [notice] 30#30: gracefully shutting down
2024/09/12 11:44:58 [notice] 30#30: exiting
2024/09/12 11:44:58 [notice] 31#31: gracefully shutting down
2024/09/12 11:44:58 [notice] 31#31: exiting
2024/09/12 11:44:58 [notice] 34#34: gracefully shutting down
2024/09/12 11:44:58 [notice] 36#36: gracefully shutting down
2024/09/12 11:44:58 [notice] 36#36: exiting
2024/09/12 11:44:58 [notice] 38#38: gracefully shutting down
2024/09/12 11:44:58 [notice] 36#36: exit
2024/09/12 11:44:58 [notice] 32#32: gracefully shutting down
2024/09/12 11:44:58 [notice] 39#39: gracefully shutting down
2024/09/12 11:44:58 [notice] 37#37: gracefully shutting down
2024/09/12 11:44:58 [notice] 37#37: exiting
2024/09/12 11:44:58 [notice] 35#35: gracefully shutting down
2024/09/12 11:44:58 [notice] 35#35: exiting
2024/09/12 11:44:58 [notice] 40#40: gracefully shutting down
2024/09/12 11:44:58 [notice] 40#40: exiting
2024/09/12 11:44:58 [notice] 33#33: gracefully shutting down
2024/09/12 11:44:58 [notice] 30#30: exit
2024/09/12 11:44:58 [notice] 31#31: exit
2024/09/12 11:44:58 [notice] 34#34: exiting
2024/09/12 11:44:58 [notice] 38#38: exiting
2024/09/12 11:44:58 [notice] 32#32: exiting
2024/09/12 11:44:58 [notice] 39#39: exiting
2024/09/12 11:44:58 [notice] 37#37: exit
2024/09/12 11:44:58 [notice] 35#35: exit
2024/09/12 11:44:58 [notice] 40#40: exit
2024/09/12 11:44:58 [notice] 33#33: exiting
2024/09/12 11:44:58 [notice] 34#34: exit
2024/09/12 11:44:58 [notice] 38#38: exit
2024/09/12 11:44:58 [notice] 32#32: exit
2024/09/12 11:44:58 [notice] 39#39: exit
2024/09/12 11:44:58 [notice] 33#33: exit
2024/09/12 11:44:58 [notice] 1#1: signal 17 (SIGCHLD) received from 38
2024/09/12 11:44:58 [notice] 1#1: worker process 32 exited with code 0
2024/09/12 11:44:58 [notice] 1#1: worker process 35 exited with code 0
2024/09/12 11:44:58 [notice] 1#1: worker process 36 exited with code 0
2024/09/12 11:44:58 [notice] 1#1: worker process 37 exited with code 0
2024/09/12 11:44:58 [notice] 1#1: worker process 38 exited with code 0
2024/09/12 11:44:58 [notice] 1#1: worker process 39 exited with code 0
2024/09/12 11:44:58 [notice] 1#1: signal 29 (SIGIO) received
2024/09/12 11:44:58 [notice] 1#1: signal 17 (SIGCHLD) received from 36
2024/09/12 11:44:58 [notice] 1#1: signal 17 (SIGCHLD) received from 30
2024/09/12 11:44:58 [notice] 1#1: worker process 30 exited with code 0
2024/09/12 11:44:58 [notice] 1#1: worker process 34 exited with code 0
2024/09/12 11:44:58 [notice] 1#1: worker process 31 exited with code 0
2024/09/12 11:44:58 [notice] 1#1: worker process 33 exited with code 0
2024/09/12 11:44:58 [notice] 1#1: worker process 40 exited with code 0
2024/09/12 11:44:58 [notice] 1#1: exit
2024/09/12 11:45:17 [notice] 1#1: using the "epoll" event method
2024/09/12 11:45:17 [notice] 1#1: nginx/1.26.2
2024/09/12 11:45:17 [notice] 1#1: built by gcc 13.2.1 20240309 (Alpine 13.2.1_git20240309) 
2024/09/12 11:45:17 [notice] 1#1: OS: Linux 6.10.0-linuxkit
2024/09/12 11:45:17 [notice] 1#1: getrlimit(RLIMIT_NOFILE): 1048576:1048576
2024/09/12 11:45:17 [notice] 1#1: start worker processes
2024/09/12 11:45:17 [notice] 1#1: start worker process 29
2024/09/12 11:45:17 [notice] 1#1: start worker process 30
2024/09/12 11:45:17 [notice] 1#1: start worker process 31
2024/09/12 11:45:17 [notice] 1#1: start worker process 32
2024/09/12 11:45:17 [notice] 1#1: start worker process 33
2024/09/12 11:45:17 [notice] 1#1: start worker process 34
2024/09/12 11:45:17 [notice] 1#1: start worker process 35
2024/09/12 11:45:17 [notice] 1#1: start worker process 36
2024/09/12 11:45:17 [notice] 1#1: start worker process 37
2024/09/12 11:45:17 [notice] 1#1: start worker process 38
2024/09/12 11:45:17 [notice] 1#1: start worker process 39
2024/09/12 11:51:54 [notice] 1#1: signal 3 (SIGQUIT) received, shutting down
2024/09/12 11:51:54 [notice] 31#31: gracefully shutting down
2024/09/12 11:51:54 [notice] 31#31: exiting
2024/09/12 11:51:54 [notice] 29#29: gracefully shutting down
2024/09/12 11:51:54 [notice] 30#30: gracefully shutting down
2024/09/12 11:51:54 [notice] 30#30: exiting
2024/09/12 11:51:54 [notice] 33#33: gracefully shutting down
2024/09/12 11:51:54 [notice] 30#30: exit
2024/09/12 11:51:54 [notice] 32#32: gracefully shutting down
2024/09/12 11:51:54 [notice] 32#32: exiting
2024/09/12 11:51:54 [notice] 35#35: gracefully shutting down
2024/09/12 11:51:54 [notice] 34#34: gracefully shutting down
2024/09/12 11:51:54 [notice] 37#37: gracefully shutting down
2024/09/12 11:51:54 [notice] 37#37: exiting
2024/09/12 11:51:54 [notice] 38#38: gracefully shutting down
2024/09/12 11:51:54 [notice] 36#36: gracefully shutting down
2024/09/12 11:51:54 [notice] 36#36: exiting
2024/09/12 11:51:54 [notice] 39#39: gracefully shutting down
2024/09/12 11:51:54 [notice] 31#31: exit
2024/09/12 11:51:54 [notice] 29#29: exiting
2024/09/12 11:51:54 [notice] 33#33: exiting
2024/09/12 11:51:54 [notice] 32#32: exit
2024/09/12 11:51:54 [notice] 35#35: exiting
2024/09/12 11:51:54 [notice] 35#35: exit
2024/09/12 11:51:54 [notice] 34#34: exiting
2024/09/12 11:51:54 [notice] 37#37: exit
2024/09/12 11:51:54 [notice] 38#38: exiting
2024/09/12 11:51:54 [notice] 36#36: exit
2024/09/12 11:51:54 [notice] 39#39: exiting
2024/09/12 11:51:54 [notice] 29#29: exit
2024/09/12 11:51:54 [notice] 33#33: exit
2024/09/12 11:51:54 [notice] 34#34: exit
2024/09/12 11:51:54 [notice] 38#38: exit
2024/09/12 11:51:54 [notice] 39#39: exit
2024/09/12 11:51:54 [notice] 1#1: signal 17 (SIGCHLD) received from 31
2024/09/12 11:51:54 [notice] 1#1: worker process 31 exited with code 0
2024/09/12 11:51:54 [notice] 1#1: worker process 34 exited with code 0
2024/09/12 11:51:54 [notice] 1#1: signal 29 (SIGIO) received
2024/09/12 11:51:54 [notice] 1#1: signal 17 (SIGCHLD) received from 34
2024/09/12 11:51:54 [notice] 1#1: signal 17 (SIGCHLD) received from 30
2024/09/12 11:51:54 [notice] 1#1: worker process 29 exited with code 0
2024/09/12 11:51:54 [notice] 1#1: worker process 30 exited with code 0
2024/09/12 11:51:54 [notice] 1#1: worker process 33 exited with code 0
2024/09/12 11:51:54 [notice] 1#1: worker process 35 exited with code 0
2024/09/12 11:51:54 [notice] 1#1: worker process 37 exited with code 0
2024/09/12 11:51:54 [notice] 1#1: signal 29 (SIGIO) received
2024/09/12 11:51:54 [notice] 1#1: signal 17 (SIGCHLD) received from 33
2024/09/12 11:51:54 [notice] 1#1: signal 17 (SIGCHLD) received from 36
2024/09/12 11:51:54 [notice] 1#1: worker process 36 exited with code 0
2024/09/12 11:51:54 [notice] 1#1: worker process 32 exited with code 0
2024/09/12 11:51:54 [notice] 1#1: worker process 38 exited with code 0
2024/09/12 11:51:54 [notice] 1#1: worker process 39 exited with code 0
2024/09/12 11:51:54 [notice] 1#1: exit
2024/09/12 11:52:28 [notice] 1#1: using the "epoll" event method
2024/09/12 11:52:28 [notice] 1#1: nginx/1.26.2
2024/09/12 11:52:28 [notice] 1#1: built by gcc 13.2.1 20240309 (Alpine 13.2.1_git20240309) 
2024/09/12 11:52:28 [notice] 1#1: OS: Linux 6.10.0-linuxkit
2024/09/12 11:52:28 [notice] 1#1: getrlimit(RLIMIT_NOFILE): 1048576:1048576
2024/09/12 11:52:28 [notice] 1#1: start worker processes
2024/09/12 11:52:28 [notice] 1#1: start worker process 30
2024/09/12 11:52:28 [notice] 1#1: start worker process 31
2024/09/12 11:52:28 [notice] 1#1: start worker process 32
2024/09/12 11:52:28 [notice] 1#1: start worker process 33
2024/09/12 11:52:28 [notice] 1#1: start worker process 34
2024/09/12 11:52:28 [notice] 1#1: start worker process 35
2024/09/12 11:52:28 [notice] 1#1: start worker process 36
2024/09/12 11:52:28 [notice] 1#1: start worker process 37
2024/09/12 11:52:28 [notice] 1#1: start worker process 38
2024/09/12 11:52:28 [notice] 1#1: start worker process 39
2024/09/12 11:52:28 [notice] 1#1: start worker process 40
2024/09/12 11:57:12 [notice] 1#1: signal 3 (SIGQUIT) received, shutting down
2024/09/12 11:57:12 [notice] 39#39: gracefully shutting down
2024/09/12 11:57:12 [notice] 35#35: gracefully shutting down
2024/09/12 11:57:12 [notice] 35#35: exiting
2024/09/12 11:57:12 [notice] 34#34: gracefully shutting down
2024/09/12 11:57:12 [notice] 34#34: exiting
2024/09/12 11:57:12 [notice] 38#38: gracefully shutting down
2024/09/12 11:57:12 [notice] 40#40: gracefully shutting down
2024/09/12 11:57:12 [notice] 31#31: gracefully shutting down
2024/09/12 11:57:12 [notice] 32#32: gracefully shutting down
2024/09/12 11:57:12 [notice] 36#36: gracefully shutting down
2024/09/12 11:57:12 [notice] 33#33: gracefully shutting down
2024/09/12 11:57:12 [notice] 30#30: gracefully shutting down
2024/09/12 11:57:12 [notice] 39#39: exiting
2024/09/12 11:57:12 [notice] 37#37: gracefully shutting down
2024/09/12 11:57:12 [notice] 39#39: exit
2024/09/12 11:57:12 [notice] 35#35: exit
2024/09/12 11:57:12 [notice] 34#34: exit
2024/09/12 11:57:12 [notice] 38#38: exiting
2024/09/12 11:57:12 [notice] 40#40: exiting
2024/09/12 11:57:12 [notice] 31#31: exiting
2024/09/12 11:57:12 [notice] 32#32: exiting
2024/09/12 11:57:12 [notice] 36#36: exiting
2024/09/12 11:57:12 [notice] 32#32: exit
2024/09/12 11:57:12 [notice] 33#33: exiting
2024/09/12 11:57:12 [notice] 30#30: exiting
2024/09/12 11:57:12 [notice] 37#37: exiting
2024/09/12 11:57:12 [notice] 30#30: exit
2024/09/12 11:57:12 [notice] 38#38: exit
2024/09/12 11:57:12 [notice] 40#40: exit
2024/09/12 11:57:12 [notice] 31#31: exit
2024/09/12 11:57:12 [notice] 36#36: exit
2024/09/12 11:57:12 [notice] 33#33: exit
2024/09/12 11:57:12 [notice] 37#37: exit
2024/09/12 11:57:12 [notice] 1#1: signal 17 (SIGCHLD) received from 37
2024/09/12 11:57:12 [notice] 1#1: worker process 32 exited with code 0
2024/09/12 11:57:12 [notice] 1#1: worker process 34 exited with code 0
2024/09/12 11:57:12 [notice] 1#1: worker process 35 exited with code 0
2024/09/12 11:57:12 [notice] 1#1: worker process 37 exited with code 0
2024/09/12 11:57:12 [notice] 1#1: worker process 39 exited with code 0
2024/09/12 11:57:12 [notice] 1#1: signal 29 (SIGIO) received
2024/09/12 11:57:12 [notice] 1#1: signal 17 (SIGCHLD) received from 32
2024/09/12 11:57:12 [notice] 1#1: signal 17 (SIGCHLD) received from 40
2024/09/12 11:57:12 [notice] 1#1: worker process 30 exited with code 0
2024/09/12 11:57:12 [notice] 1#1: worker process 40 exited with code 0
2024/09/12 11:57:12 [notice] 1#1: signal 29 (SIGIO) received
2024/09/12 11:57:12 [notice] 1#1: signal 17 (SIGCHLD) received from 36
2024/09/12 11:57:12 [notice] 1#1: worker process 33 exited with code 0
2024/09/12 11:57:12 [notice] 1#1: worker process 31 exited with code 0
2024/09/12 11:57:12 [notice] 1#1: worker process 36 exited with code 0
2024/09/12 11:57:12 [notice] 1#1: worker process 38 exited with code 0
2024/09/12 11:57:12 [notice] 1#1: exit
2024/09/12 11:57:21 [notice] 1#1: using the "epoll" event method
2024/09/12 11:57:21 [notice] 1#1: nginx/1.26.2
2024/09/12 11:57:21 [notice] 1#1: built by gcc 13.2.1 20240309 (Alpine 13.2.1_git20240309) 
2024/09/12 11:57:21 [notice] 1#1: OS: Linux 6.10.0-linuxkit
2024/09/12 11:57:21 [notice] 1#1: getrlimit(RLIMIT_NOFILE): 1048576:1048576
2024/09/12 11:57:21 [notice] 1#1: start worker processes
2024/09/12 11:57:21 [notice] 1#1: start worker process 30
2024/09/12 11:57:21 [notice] 1#1: start worker process 31
2024/09/12 11:57:21 [notice] 1#1: start worker process 32
2024/09/12 11:57:21 [notice] 1#1: start worker process 33
2024/09/12 11:57:21 [notice] 1#1: start worker process 34
2024/09/12 11:57:21 [notice] 1#1: start worker process 35
2024/09/12 11:57:21 [notice] 1#1: start worker process 36
2024/09/12 11:57:21 [notice] 1#1: start worker process 37
2024/09/12 11:57:21 [notice] 1#1: start worker process 38
2024/09/12 11:57:21 [notice] 1#1: start worker process 39
2024/09/12 11:57:21 [notice] 1#1: start worker process 40
2024/09/12 12:15:58 [notice] 1#1: signal 3 (SIGQUIT) received, shutting down
2024/09/12 12:15:58 [notice] 33#33: gracefully shutting down
2024/09/12 12:15:58 [notice] 38#38: gracefully shutting down
2024/09/12 12:15:58 [notice] 38#38: exiting
2024/09/12 12:15:58 [notice] 36#36: gracefully shutting down
2024/09/12 12:15:58 [notice] 30#30: gracefully shutting down
2024/09/12 12:15:58 [notice] 30#30: exiting
2024/09/12 12:15:58 [notice] 40#40: gracefully shutting down
2024/09/12 12:15:58 [notice] 40#40: exiting
2024/09/12 12:15:58 [notice] 31#31: gracefully shutting down
2024/09/12 12:15:58 [notice] 32#32: gracefully shutting down
2024/09/12 12:15:58 [notice] 39#39: gracefully shutting down
2024/09/12 12:15:58 [notice] 34#34: gracefully shutting down
2024/09/12 12:15:58 [notice] 35#35: gracefully shutting down
2024/09/12 12:15:58 [notice] 37#37: gracefully shutting down
2024/09/12 12:15:58 [notice] 33#33: exiting
2024/09/12 12:15:58 [notice] 38#38: exit
2024/09/12 12:15:58 [notice] 36#36: exiting
2024/09/12 12:15:58 [notice] 30#30: exit
2024/09/12 12:15:58 [notice] 36#36: exit
2024/09/12 12:15:58 [notice] 40#40: exit
2024/09/12 12:15:58 [notice] 31#31: exiting
2024/09/12 12:15:58 [notice] 32#32: exiting
2024/09/12 12:15:58 [notice] 39#39: exiting
2024/09/12 12:15:58 [notice] 34#34: exiting
2024/09/12 12:15:58 [notice] 39#39: exit
2024/09/12 12:15:58 [notice] 35#35: exiting
2024/09/12 12:15:58 [notice] 37#37: exiting
2024/09/12 12:15:58 [notice] 35#35: exit
2024/09/12 12:15:58 [notice] 33#33: exit
2024/09/12 12:15:58 [notice] 31#31: exit
2024/09/12 12:15:58 [notice] 32#32: exit
2024/09/12 12:15:58 [notice] 34#34: exit
2024/09/12 12:15:58 [notice] 37#37: exit
2024/09/12 12:15:58 [notice] 1#1: signal 17 (SIGCHLD) received from 34
2024/09/12 12:15:58 [notice] 1#1: worker process 30 exited with code 0
2024/09/12 12:15:58 [notice] 1#1: worker process 31 exited with code 0
2024/09/12 12:15:58 [notice] 1#1: worker process 33 exited with code 0
2024/09/12 12:15:58 [notice] 1#1: worker process 34 exited with code 0
2024/09/12 12:15:58 [notice] 1#1: worker process 35 exited with code 0
2024/09/12 12:15:58 [notice] 1#1: worker process 38 exited with code 0
2024/09/12 12:15:58 [notice] 1#1: worker process 39 exited with code 0
2024/09/12 12:15:58 [notice] 1#1: signal 29 (SIGIO) received
2024/09/12 12:15:58 [notice] 1#1: signal 17 (SIGCHLD) received from 30
2024/09/12 12:15:58 [notice] 1#1: signal 17 (SIGCHLD) received from 36
2024/09/12 12:15:58 [notice] 1#1: worker process 32 exited with code 0
2024/09/12 12:15:58 [notice] 1#1: worker process 36 exited with code 0
2024/09/12 12:15:58 [notice] 1#1: worker process 40 exited with code 0
2024/09/12 12:15:58 [notice] 1#1: signal 29 (SIGIO) received
2024/09/12 12:15:58 [notice] 1#1: signal 17 (SIGCHLD) received from 32
2024/09/12 12:15:58 [notice] 1#1: signal 17 (SIGCHLD) received from 37
2024/09/12 12:15:58 [notice] 1#1: worker process 37 exited with code 0
2024/09/12 12:15:58 [notice] 1#1: exit
2024/09/12 12:16:06 [notice] 1#1: using the "epoll" event method
2024/09/12 12:16:06 [notice] 1#1: nginx/1.26.2
2024/09/12 12:16:06 [notice] 1#1: built by gcc 13.2.1 20240309 (Alpine 13.2.1_git20240309) 
2024/09/12 12:16:06 [notice] 1#1: OS: Linux 6.10.0-linuxkit
2024/09/12 12:16:06 [notice] 1#1: getrlimit(RLIMIT_NOFILE): 1048576:1048576
2024/09/12 12:16:06 [notice] 1#1: start worker processes
2024/09/12 12:16:06 [notice] 1#1: start worker process 22
2024/09/12 12:16:06 [notice] 1#1: start worker process 23
2024/09/12 12:16:06 [notice] 1#1: start worker process 24
2024/09/12 12:16:06 [notice] 1#1: start worker process 25
2024/09/12 12:16:06 [notice] 1#1: start worker process 26
2024/09/12 12:16:06 [notice] 1#1: start worker process 27
2024/09/12 12:16:06 [notice] 1#1: start worker process 28
2024/09/12 12:16:06 [notice] 1#1: start worker process 29
2024/09/12 12:16:06 [notice] 1#1: start worker process 30
2024/09/12 12:16:06 [notice] 1#1: start worker process 31
2024/09/12 12:16:06 [notice] 1#1: start worker process 32
2024/09/12 12:18:38 [notice] 1#1: signal 3 (SIGQUIT) received, shutting down
2024/09/12 12:18:38 [notice] 24#24: gracefully shutting down
2024/09/12 12:18:38 [notice] 23#23: gracefully shutting down
2024/09/12 12:18:38 [notice] 22#22: gracefully shutting down
2024/09/12 12:18:38 [notice] 25#25: gracefully shutting down
2024/09/12 12:18:38 [notice] 28#28: gracefully shutting down
2024/09/12 12:18:38 [notice] 29#29: gracefully shutting down
2024/09/12 12:18:38 [notice] 29#29: exiting
2024/09/12 12:18:38 [notice] 26#26: gracefully shutting down
2024/09/12 12:18:38 [notice] 26#26: exiting
2024/09/12 12:18:38 [notice] 27#27: gracefully shutting down
2024/09/12 12:18:38 [notice] 30#30: gracefully shutting down
2024/09/12 12:18:38 [notice] 32#32: gracefully shutting down
2024/09/12 12:18:38 [notice] 31#31: gracefully shutting down
2024/09/12 12:18:38 [notice] 24#24: exiting
2024/09/12 12:18:38 [notice] 23#23: exiting
2024/09/12 12:18:38 [notice] 22#22: exiting
2024/09/12 12:18:38 [notice] 25#25: exiting
2024/09/12 12:18:38 [notice] 28#28: exiting
2024/09/12 12:18:38 [notice] 29#29: exit
2024/09/12 12:18:38 [notice] 26#26: exit
2024/09/12 12:18:38 [notice] 27#27: exiting
2024/09/12 12:18:38 [notice] 30#30: exiting
2024/09/12 12:18:38 [notice] 32#32: exiting
2024/09/12 12:18:38 [notice] 31#31: exiting
2024/09/12 12:18:38 [notice] 24#24: exit
2024/09/12 12:18:38 [notice] 23#23: exit
2024/09/12 12:18:38 [notice] 22#22: exit
2024/09/12 12:18:38 [notice] 25#25: exit
2024/09/12 12:18:38 [notice] 28#28: exit
2024/09/12 12:18:38 [notice] 27#27: exit
2024/09/12 12:18:38 [notice] 30#30: exit
2024/09/12 12:18:38 [notice] 32#32: exit
2024/09/12 12:18:38 [notice] 31#31: exit
2024/09/12 12:18:38 [notice] 1#1: signal 17 (SIGCHLD) received from 30
2024/09/12 12:18:38 [notice] 1#1: worker process 25 exited with code 0
2024/09/12 12:18:38 [notice] 1#1: worker process 26 exited with code 0
2024/09/12 12:18:38 [notice] 1#1: worker process 23 exited with code 0
2024/09/12 12:18:38 [notice] 1#1: worker process 24 exited with code 0
2024/09/12 12:18:38 [notice] 1#1: worker process 28 exited with code 0
2024/09/12 12:18:38 [notice] 1#1: worker process 29 exited with code 0
2024/09/12 12:18:38 [notice] 1#1: worker process 30 exited with code 0
2024/09/12 12:18:38 [notice] 1#1: worker process 31 exited with code 0
2024/09/12 12:18:38 [notice] 1#1: worker process 32 exited with code 0
2024/09/12 12:18:38 [notice] 1#1: signal 29 (SIGIO) received
2024/09/12 12:18:38 [notice] 1#1: signal 17 (SIGCHLD) received from 28
2024/09/12 12:18:38 [notice] 1#1: signal 17 (SIGCHLD) received from 27
2024/09/12 12:18:38 [notice] 1#1: worker process 22 exited with code 0
2024/09/12 12:18:38 [notice] 1#1: worker process 27 exited with code 0
2024/09/12 12:18:38 [notice] 1#1: exit
2024/09/12 12:19:13 [notice] 1#1: using the "epoll" event method
2024/09/12 12:19:13 [notice] 1#1: nginx/1.26.2
2024/09/12 12:19:13 [notice] 1#1: built by gcc 13.2.1 20240309 (Alpine 13.2.1_git20240309) 
2024/09/12 12:19:13 [notice] 1#1: OS: Linux 6.10.0-linuxkit
2024/09/12 12:19:13 [notice] 1#1: getrlimit(RLIMIT_NOFILE): 1048576:1048576
2024/09/12 12:19:13 [notice] 1#1: start worker processes
2024/09/12 12:19:13 [notice] 1#1: start worker process 30
2024/09/12 12:19:13 [notice] 1#1: start worker process 31
2024/09/12 12:19:13 [notice] 1#1: start worker process 32
2024/09/12 12:19:13 [notice] 1#1: start worker process 33
2024/09/12 12:19:13 [notice] 1#1: start worker process 34
2024/09/12 12:19:13 [notice] 1#1: start worker process 35
2024/09/12 12:19:13 [notice] 1#1: start worker process 36
2024/09/12 12:19:13 [notice] 1#1: start worker process 37
2024/09/12 12:19:13 [notice] 1#1: start worker process 38
2024/09/12 12:19:13 [notice] 1#1: start worker process 39
2024/09/12 12:19:13 [notice] 1#1: start worker process 40
2024/09/12 12:28:28 [notice] 1#1: signal 3 (SIGQUIT) received, shutting down
2024/09/12 12:28:28 [notice] 31#31: gracefully shutting down
2024/09/12 12:28:28 [notice] 38#38: gracefully shutting down
2024/09/12 12:28:28 [notice] 30#30: gracefully shutting down
2024/09/12 12:28:28 [notice] 32#32: gracefully shutting down
2024/09/12 12:28:28 [notice] 33#33: gracefully shutting down
2024/09/12 12:28:28 [notice] 34#34: gracefully shutting down
2024/09/12 12:28:28 [notice] 40#40: gracefully shutting down
2024/09/12 12:28:28 [notice] 37#37: gracefully shutting down
2024/09/12 12:28:28 [notice] 37#37: exiting
2024/09/12 12:28:28 [notice] 36#36: gracefully shutting down
2024/09/12 12:28:28 [notice] 39#39: gracefully shutting down
2024/09/12 12:28:28 [notice] 35#35: gracefully shutting down
2024/09/12 12:28:28 [notice] 31#31: exiting
2024/09/12 12:28:28 [notice] 38#38: exiting
2024/09/12 12:28:28 [notice] 30#30: exiting
2024/09/12 12:28:28 [notice] 32#32: exiting
2024/09/12 12:28:28 [notice] 30#30: exit
2024/09/12 12:28:28 [notice] 33#33: exiting
2024/09/12 12:28:28 [notice] 34#34: exiting
2024/09/12 12:28:28 [notice] 40#40: exiting
2024/09/12 12:28:28 [notice] 37#37: exit
2024/09/12 12:28:28 [notice] 36#36: exiting
2024/09/12 12:28:28 [notice] 39#39: exiting
2024/09/12 12:28:28 [notice] 35#35: exiting
2024/09/12 12:28:28 [notice] 31#31: exit
2024/09/12 12:28:28 [notice] 38#38: exit
2024/09/12 12:28:28 [notice] 32#32: exit
2024/09/12 12:28:28 [notice] 33#33: exit
2024/09/12 12:28:28 [notice] 34#34: exit
2024/09/12 12:28:28 [notice] 40#40: exit
2024/09/12 12:28:28 [notice] 36#36: exit
2024/09/12 12:28:28 [notice] 39#39: exit
2024/09/12 12:28:28 [notice] 35#35: exit
2024/09/12 12:28:28 [notice] 1#1: signal 17 (SIGCHLD) received from 37
2024/09/12 12:28:28 [notice] 1#1: worker process 30 exited with code 0
2024/09/12 12:28:28 [notice] 1#1: worker process 37 exited with code 0
2024/09/12 12:28:28 [notice] 1#1: signal 29 (SIGIO) received
2024/09/12 12:28:28 [notice] 1#1: signal 17 (SIGCHLD) received from 30
2024/09/12 12:28:28 [notice] 1#1: signal 17 (SIGCHLD) received from 32
2024/09/12 12:28:28 [notice] 1#1: worker process 31 exited with code 0
2024/09/12 12:28:28 [notice] 1#1: worker process 32 exited with code 0
2024/09/12 12:28:28 [notice] 1#1: worker process 34 exited with code 0
2024/09/12 12:28:28 [notice] 1#1: worker process 35 exited with code 0
2024/09/12 12:28:28 [notice] 1#1: signal 29 (SIGIO) received
2024/09/12 12:28:28 [notice] 1#1: signal 17 (SIGCHLD) received from 31
2024/09/12 12:28:28 [notice] 1#1: signal 17 (SIGCHLD) received from 36
2024/09/12 12:28:28 [notice] 1#1: worker process 36 exited with code 0
2024/09/12 12:28:28 [notice] 1#1: worker process 38 exited with code 0
2024/09/12 12:28:28 [notice] 1#1: worker process 39 exited with code 0
2024/09/12 12:28:28 [notice] 1#1: worker process 40 exited with code 0
2024/09/12 12:28:28 [notice] 1#1: signal 29 (SIGIO) received
2024/09/12 12:28:28 [notice] 1#1: signal 17 (SIGCHLD) received from 38
2024/09/12 12:28:28 [notice] 1#1: signal 17 (SIGCHLD) received from 33
2024/09/12 12:28:28 [notice] 1#1: worker process 33 exited with code 0
2024/09/12 12:28:28 [notice] 1#1: exit
2024/09/12 12:28:37 [notice] 1#1: using the "epoll" event method
2024/09/12 12:28:37 [notice] 1#1: nginx/1.26.2
2024/09/12 12:28:37 [notice] 1#1: built by gcc 13.2.1 20240309 (Alpine 13.2.1_git20240309) 
2024/09/12 12:28:37 [notice] 1#1: OS: Linux 6.10.0-linuxkit
2024/09/12 12:28:37 [notice] 1#1: getrlimit(RLIMIT_NOFILE): 1048576:1048576
2024/09/12 12:28:37 [notice] 1#1: start worker processes
2024/09/12 12:28:37 [notice] 1#1: start worker process 30
2024/09/12 12:28:37 [notice] 1#1: start worker process 31
2024/09/12 12:28:37 [notice] 1#1: start worker process 32
2024/09/12 12:28:37 [notice] 1#1: start worker process 33
2024/09/12 12:28:37 [notice] 1#1: start worker process 34
2024/09/12 12:28:37 [notice] 1#1: start worker process 35
2024/09/12 12:28:37 [notice] 1#1: start worker process 36
2024/09/12 12:28:37 [notice] 1#1: start worker process 37
2024/09/12 12:28:37 [notice] 1#1: start worker process 38
2024/09/12 12:28:37 [notice] 1#1: start worker process 39
2024/09/12 12:28:37 [notice] 1#1: start worker process 40
2024/09/12 12:34:27 [notice] 1#1: signal 3 (SIGQUIT) received, shutting down
2024/09/12 12:34:27 [notice] 33#33: gracefully shutting down
2024/09/12 12:34:27 [notice] 33#33: exiting
2024/09/12 12:34:27 [notice] 30#30: gracefully shutting down
2024/09/12 12:34:27 [notice] 38#38: gracefully shutting down
2024/09/12 12:34:27 [notice] 31#31: gracefully shutting down
2024/09/12 12:34:27 [notice] 35#35: gracefully shutting down
2024/09/12 12:34:27 [notice] 35#35: exiting
2024/09/12 12:34:27 [notice] 39#39: gracefully shutting down
2024/09/12 12:34:27 [notice] 40#40: gracefully shutting down
2024/09/12 12:34:27 [notice] 37#37: gracefully shutting down
2024/09/12 12:34:27 [notice] 36#36: gracefully shutting down
2024/09/12 12:34:27 [notice] 34#34: gracefully shutting down
2024/09/12 12:34:27 [notice] 32#32: gracefully shutting down
2024/09/12 12:34:27 [notice] 33#33: exit
2024/09/12 12:34:27 [notice] 30#30: exiting
2024/09/12 12:34:27 [notice] 38#38: exiting
2024/09/12 12:34:27 [notice] 31#31: exiting
2024/09/12 12:34:27 [notice] 35#35: exit
2024/09/12 12:34:27 [notice] 39#39: exiting
2024/09/12 12:34:27 [notice] 40#40: exiting
2024/09/12 12:34:27 [notice] 37#37: exiting
2024/09/12 12:34:27 [notice] 36#36: exiting
2024/09/12 12:34:27 [notice] 34#34: exiting
2024/09/12 12:34:27 [notice] 32#32: exiting
2024/09/12 12:34:27 [notice] 34#34: exit
2024/09/12 12:34:27 [notice] 30#30: exit
2024/09/12 12:34:27 [notice] 38#38: exit
2024/09/12 12:34:27 [notice] 31#31: exit
2024/09/12 12:34:27 [notice] 39#39: exit
2024/09/12 12:34:27 [notice] 40#40: exit
2024/09/12 12:34:27 [notice] 37#37: exit
2024/09/12 12:34:27 [notice] 36#36: exit
2024/09/12 12:34:27 [notice] 32#32: exit
2024/09/12 12:34:27 [notice] 1#1: signal 17 (SIGCHLD) received from 37
2024/09/12 12:34:27 [notice] 1#1: worker process 30 exited with code 0
2024/09/12 12:34:27 [notice] 1#1: worker process 33 exited with code 0
2024/09/12 12:34:27 [notice] 1#1: worker process 36 exited with code 0
2024/09/12 12:34:27 [notice] 1#1: worker process 37 exited with code 0
2024/09/12 12:34:27 [notice] 1#1: worker process 38 exited with code 0
2024/09/12 12:34:27 [notice] 1#1: signal 29 (SIGIO) received
2024/09/12 12:34:27 [notice] 1#1: signal 17 (SIGCHLD) received from 33
2024/09/12 12:34:27 [notice] 1#1: signal 17 (SIGCHLD) received from 34
2024/09/12 12:34:27 [notice] 1#1: worker process 34 exited with code 0
2024/09/12 12:34:27 [notice] 1#1: signal 29 (SIGIO) received
2024/09/12 12:34:27 [notice] 1#1: signal 17 (SIGCHLD) received from 39
2024/09/12 12:34:27 [notice] 1#1: worker process 39 exited with code 0
2024/09/12 12:34:27 [notice] 1#1: worker process 32 exited with code 0
2024/09/12 12:34:27 [notice] 1#1: worker process 40 exited with code 0
2024/09/12 12:34:27 [notice] 1#1: signal 29 (SIGIO) received
2024/09/12 12:34:27 [notice] 1#1: signal 17 (SIGCHLD) received from 32
2024/09/12 12:34:27 [notice] 1#1: worker process 31 exited with code 0
2024/09/12 12:34:27 [notice] 1#1: worker process 35 exited with code 0
2024/09/12 12:34:27 [notice] 1#1: exit
2024/09/12 12:34:39 [notice] 1#1: using the "epoll" event method
2024/09/12 12:34:39 [notice] 1#1: nginx/1.26.2
2024/09/12 12:34:39 [notice] 1#1: built by gcc 13.2.1 20240309 (Alpine 13.2.1_git20240309) 
2024/09/12 12:34:39 [notice] 1#1: OS: Linux 6.10.0-linuxkit
2024/09/12 12:34:39 [notice] 1#1: getrlimit(RLIMIT_NOFILE): 1048576:1048576
2024/09/12 12:34:39 [notice] 1#1: start worker processes
2024/09/12 12:34:39 [notice] 1#1: start worker process 29
2024/09/12 12:34:39 [notice] 1#1: start worker process 30
2024/09/12 12:34:39 [notice] 1#1: start worker process 31
2024/09/12 12:34:39 [notice] 1#1: start worker process 32
2024/09/12 12:34:39 [notice] 1#1: start worker process 33
2024/09/12 12:34:39 [notice] 1#1: start worker process 34
2024/09/12 12:34:39 [notice] 1#1: start worker process 35
2024/09/12 12:34:39 [notice] 1#1: start worker process 36
2024/09/12 12:34:39 [notice] 1#1: start worker process 37
2024/09/12 12:34:39 [notice] 1#1: start worker process 38
2024/09/12 12:34:39 [notice] 1#1: start worker process 39
2024/09/12 12:38:19 [notice] 1#1: signal 3 (SIGQUIT) received, shutting down
2024/09/12 12:38:19 [notice] 29#29: gracefully shutting down
2024/09/12 12:38:19 [notice] 37#37: gracefully shutting down
2024/09/12 12:38:19 [notice] 30#30: gracefully shutting down
2024/09/12 12:38:19 [notice] 30#30: exiting
2024/09/12 12:38:19 [notice] 34#34: gracefully shutting down
2024/09/12 12:38:19 [notice] 31#31: gracefully shutting down
2024/09/12 12:38:19 [notice] 31#31: exiting
2024/09/12 12:38:19 [notice] 33#33: gracefully shutting down
2024/09/12 12:38:19 [notice] 31#31: exit
2024/09/12 12:38:19 [notice] 29#29: exiting
2024/09/12 12:38:19 [notice] 36#36: gracefully shutting down
2024/09/12 12:38:19 [notice] 35#35: gracefully shutting down
2024/09/12 12:38:19 [notice] 39#39: gracefully shutting down
2024/09/12 12:38:19 [notice] 38#38: gracefully shutting down
2024/09/12 12:38:19 [notice] 32#32: gracefully shutting down
2024/09/12 12:38:19 [notice] 37#37: exiting
2024/09/12 12:38:19 [notice] 34#34: exiting
2024/09/12 12:38:19 [notice] 30#30: exit
2024/09/12 12:38:19 [notice] 33#33: exiting
2024/09/12 12:38:19 [notice] 29#29: exit
2024/09/12 12:38:19 [notice] 36#36: exiting
2024/09/12 12:38:19 [notice] 35#35: exiting
2024/09/12 12:38:19 [notice] 36#36: exit
2024/09/12 12:38:19 [notice] 39#39: exiting
2024/09/12 12:38:19 [notice] 38#38: exiting
2024/09/12 12:38:19 [notice] 32#32: exiting
2024/09/12 12:38:19 [notice] 37#37: exit
2024/09/12 12:38:19 [notice] 34#34: exit
2024/09/12 12:38:19 [notice] 33#33: exit
2024/09/12 12:38:19 [notice] 35#35: exit
2024/09/12 12:38:19 [notice] 39#39: exit
2024/09/12 12:38:19 [notice] 38#38: exit
2024/09/12 12:38:19 [notice] 32#32: exit
2024/09/12 12:38:19 [notice] 1#1: signal 17 (SIGCHLD) received from 33
2024/09/12 12:38:19 [notice] 1#1: worker process 33 exited with code 0
2024/09/12 12:38:19 [notice] 1#1: signal 29 (SIGIO) received
2024/09/12 12:38:19 [notice] 1#1: signal 17 (SIGCHLD) received from 34
2024/09/12 12:38:19 [notice] 1#1: worker process 29 exited with code 0
2024/09/12 12:38:19 [notice] 1#1: worker process 34 exited with code 0
2024/09/12 12:38:19 [notice] 1#1: worker process 35 exited with code 0
2024/09/12 12:38:19 [notice] 1#1: worker process 36 exited with code 0
2024/09/12 12:38:19 [notice] 1#1: signal 29 (SIGIO) received
2024/09/12 12:38:19 [notice] 1#1: signal 17 (SIGCHLD) received from 29
2024/09/12 12:38:19 [notice] 1#1: signal 17 (SIGCHLD) received from 39
2024/09/12 12:38:19 [notice] 1#1: worker process 31 exited with code 0
2024/09/12 12:38:19 [notice] 1#1: worker process 37 exited with code 0
2024/09/12 12:38:19 [notice] 1#1: worker process 30 exited with code 0
2024/09/12 12:38:19 [notice] 1#1: worker process 39 exited with code 0
2024/09/12 12:38:19 [notice] 1#1: signal 29 (SIGIO) received
2024/09/12 12:38:19 [notice] 1#1: signal 17 (SIGCHLD) received from 31
2024/09/12 12:38:19 [notice] 1#1: signal 17 (SIGCHLD) received from 32
2024/09/12 12:38:19 [notice] 1#1: worker process 32 exited with code 0
2024/09/12 12:38:19 [notice] 1#1: signal 29 (SIGIO) received
2024/09/12 12:38:19 [notice] 1#1: signal 17 (SIGCHLD) received from 38
2024/09/12 12:38:19 [notice] 1#1: worker process 38 exited with code 0
2024/09/12 12:38:19 [notice] 1#1: exit
2024/09/12 12:38:32 [notice] 1#1: using the "epoll" event method
2024/09/12 12:38:32 [notice] 1#1: nginx/1.26.2
2024/09/12 12:38:32 [notice] 1#1: built by gcc 13.2.1 20240309 (Alpine 13.2.1_git20240309) 
2024/09/12 12:38:32 [notice] 1#1: OS: Linux 6.10.0-linuxkit
2024/09/12 12:38:32 [notice] 1#1: getrlimit(RLIMIT_NOFILE): 1048576:1048576
2024/09/12 12:38:32 [notice] 1#1: start worker processes
2024/09/12 12:38:32 [notice] 1#1: start worker process 29
2024/09/12 12:38:32 [notice] 1#1: start worker process 30
2024/09/12 12:38:32 [notice] 1#1: start worker process 31
2024/09/12 12:38:32 [notice] 1#1: start worker process 32
2024/09/12 12:38:32 [notice] 1#1: start worker process 33
2024/09/12 12:38:32 [notice] 1#1: start worker process 34
2024/09/12 12:38:32 [notice] 1#1: start worker process 35
2024/09/12 12:38:32 [notice] 1#1: start worker process 36
2024/09/12 12:38:32 [notice] 1#1: start worker process 37
2024/09/12 12:38:32 [notice] 1#1: start worker process 38
2024/09/12 12:38:32 [notice] 1#1: start worker process 39
2024/09/12 12:39:34 [notice] 1#1: signal 3 (SIGQUIT) received, shutting down
2024/09/12 12:39:34 [notice] 29#29: gracefully shutting down
2024/09/12 12:39:34 [notice] 32#32: gracefully shutting down
2024/09/12 12:39:34 [notice] 30#30: gracefully shutting down
2024/09/12 12:39:34 [notice] 36#36: gracefully shutting down
2024/09/12 12:39:34 [notice] 36#36: exiting
2024/09/12 12:39:34 [notice] 37#37: gracefully shutting down
2024/09/12 12:39:34 [notice] 31#31: gracefully shutting down
2024/09/12 12:39:34 [notice] 31#31: exiting
2024/09/12 12:39:34 [notice] 39#39: gracefully shutting down
2024/09/12 12:39:34 [notice] 34#34: gracefully shutting down
2024/09/12 12:39:34 [notice] 35#35: gracefully shutting down
2024/09/12 12:39:34 [notice] 35#35: exiting
2024/09/12 12:39:34 [notice] 33#33: gracefully shutting down
2024/09/12 12:39:34 [notice] 29#29: exiting
2024/09/12 12:39:34 [notice] 38#38: gracefully shutting down
2024/09/12 12:39:34 [notice] 32#32: exiting
2024/09/12 12:39:34 [notice] 30#30: exiting
2024/09/12 12:39:34 [notice] 32#32: exit
2024/09/12 12:39:34 [notice] 36#36: exit
2024/09/12 12:39:34 [notice] 37#37: exiting
2024/09/12 12:39:34 [notice] 31#31: exit
2024/09/12 12:39:34 [notice] 39#39: exiting
2024/09/12 12:39:34 [notice] 34#34: exiting
2024/09/12 12:39:34 [notice] 35#35: exit
2024/09/12 12:39:34 [notice] 33#33: exiting
2024/09/12 12:39:34 [notice] 38#38: exiting
2024/09/12 12:39:34 [notice] 29#29: exit
2024/09/12 12:39:34 [notice] 30#30: exit
2024/09/12 12:39:34 [notice] 37#37: exit
2024/09/12 12:39:34 [notice] 39#39: exit
2024/09/12 12:39:34 [notice] 34#34: exit
2024/09/12 12:39:34 [notice] 33#33: exit
2024/09/12 12:39:34 [notice] 38#38: exit
2024/09/12 12:39:34 [notice] 1#1: signal 17 (SIGCHLD) received from 32
2024/09/12 12:39:34 [notice] 1#1: worker process 32 exited with code 0
2024/09/12 12:39:34 [notice] 1#1: worker process 35 exited with code 0
2024/09/12 12:39:34 [notice] 1#1: signal 29 (SIGIO) received
2024/09/12 12:39:34 [notice] 1#1: signal 17 (SIGCHLD) received from 33
2024/09/12 12:39:34 [notice] 1#1: worker process 29 exited with code 0
2024/09/12 12:39:34 [notice] 1#1: worker process 33 exited with code 0
2024/09/12 12:39:34 [notice] 1#1: worker process 31 exited with code 0
2024/09/12 12:39:34 [notice] 1#1: worker process 34 exited with code 0
2024/09/12 12:39:34 [notice] 1#1: worker process 36 exited with code 0
2024/09/12 12:39:34 [notice] 1#1: worker process 38 exited with code 0
2024/09/12 12:39:34 [notice] 1#1: signal 29 (SIGIO) received
2024/09/12 12:39:34 [notice] 1#1: signal 17 (SIGCHLD) received from 29
2024/09/12 12:39:34 [notice] 1#1: signal 17 (SIGCHLD) received from 37
2024/09/12 12:39:34 [notice] 1#1: worker process 37 exited with code 0
2024/09/12 12:39:34 [notice] 1#1: worker process 39 exited with code 0
2024/09/12 12:39:34 [notice] 1#1: signal 29 (SIGIO) received
2024/09/12 12:39:34 [notice] 1#1: signal 17 (SIGCHLD) received from 39
2024/09/12 12:39:34 [notice] 1#1: signal 17 (SIGCHLD) received from 30
2024/09/12 12:39:34 [notice] 1#1: worker process 30 exited with code 0
2024/09/12 12:39:34 [notice] 1#1: exit
2024/09/12 12:39:42 [notice] 1#1: using the "epoll" event method
2024/09/12 12:39:42 [notice] 1#1: nginx/1.26.2
2024/09/12 12:39:42 [notice] 1#1: built by gcc 13.2.1 20240309 (Alpine 13.2.1_git20240309) 
2024/09/12 12:39:42 [notice] 1#1: OS: Linux 6.10.0-linuxkit
2024/09/12 12:39:42 [notice] 1#1: getrlimit(RLIMIT_NOFILE): 1048576:1048576
2024/09/12 12:39:42 [notice] 1#1: start worker processes
2024/09/12 12:39:42 [notice] 1#1: start worker process 30
2024/09/12 12:39:42 [notice] 1#1: start worker process 31
2024/09/12 12:39:42 [notice] 1#1: start worker process 32
2024/09/12 12:39:42 [notice] 1#1: start worker process 33
2024/09/12 12:39:42 [notice] 1#1: start worker process 34
2024/09/12 12:39:42 [notice] 1#1: start worker process 35
2024/09/12 12:39:42 [notice] 1#1: start worker process 36
2024/09/12 12:39:42 [notice] 1#1: start worker process 37
2024/09/12 12:39:42 [notice] 1#1: start worker process 38
2024/09/12 12:39:42 [notice] 1#1: start worker process 39
2024/09/12 12:39:42 [notice] 1#1: start worker process 40
2024/09/12 12:50:06 [notice] 1#1: signal 3 (SIGQUIT) received, shutting down
2024/09/12 12:50:06 [notice] 30#30: gracefully shutting down
2024/09/12 12:50:06 [notice] 30#30: exiting
2024/09/12 12:50:06 [notice] 31#31: gracefully shutting down
2024/09/12 12:50:06 [notice] 31#31: exiting
2024/09/12 12:50:06 [notice] 34#34: gracefully shutting down
2024/09/12 12:50:06 [notice] 31#31: exit
2024/09/12 12:50:06 [notice] 37#37: gracefully shutting down
2024/09/12 12:50:06 [notice] 37#37: exiting
2024/09/12 12:50:06 [notice] 32#32: gracefully shutting down
2024/09/12 12:50:06 [notice] 36#36: gracefully shutting down
2024/09/12 12:50:06 [notice] 36#36: exiting
2024/09/12 12:50:06 [notice] 38#38: gracefully shutting down
2024/09/12 12:50:06 [notice] 33#33: gracefully shutting down
2024/09/12 12:50:06 [notice] 40#40: gracefully shutting down
2024/09/12 12:50:06 [notice] 35#35: gracefully shutting down
2024/09/12 12:50:06 [notice] 39#39: gracefully shutting down
2024/09/12 12:50:06 [notice] 30#30: exit
2024/09/12 12:50:06 [notice] 34#34: exiting
2024/09/12 12:50:06 [notice] 37#37: exit
2024/09/12 12:50:06 [notice] 34#34: exit
2024/09/12 12:50:06 [notice] 32#32: exiting
2024/09/12 12:50:06 [notice] 36#36: exit
2024/09/12 12:50:06 [notice] 38#38: exiting
2024/09/12 12:50:06 [notice] 33#33: exiting
2024/09/12 12:50:06 [notice] 40#40: exiting
2024/09/12 12:50:06 [notice] 33#33: exit
2024/09/12 12:50:06 [notice] 35#35: exiting
2024/09/12 12:50:06 [notice] 39#39: exiting
2024/09/12 12:50:06 [notice] 32#32: exit
2024/09/12 12:50:06 [notice] 38#38: exit
2024/09/12 12:50:06 [notice] 40#40: exit
2024/09/12 12:50:06 [notice] 35#35: exit
2024/09/12 12:50:06 [notice] 39#39: exit
2024/09/12 12:50:06 [notice] 1#1: signal 17 (SIGCHLD) received from 38
2024/09/12 12:50:06 [notice] 1#1: worker process 33 exited with code 0
2024/09/12 12:50:06 [notice] 1#1: worker process 31 exited with code 0
2024/09/12 12:50:06 [notice] 1#1: worker process 34 exited with code 0
2024/09/12 12:50:06 [notice] 1#1: worker process 38 exited with code 0
2024/09/12 12:50:06 [notice] 1#1: worker process 39 exited with code 0
2024/09/12 12:50:06 [notice] 1#1: signal 29 (SIGIO) received
2024/09/12 12:50:06 [notice] 1#1: signal 17 (SIGCHLD) received from 33
2024/09/12 12:50:06 [notice] 1#1: signal 17 (SIGCHLD) received from 40
2024/09/12 12:50:06 [notice] 1#1: worker process 35 exited with code 0
2024/09/12 12:50:06 [notice] 1#1: worker process 37 exited with code 0
2024/09/12 12:50:06 [notice] 1#1: worker process 40 exited with code 0
2024/09/12 12:50:06 [notice] 1#1: worker process 32 exited with code 0
2024/09/12 12:50:06 [notice] 1#1: worker process 30 exited with code 0
2024/09/12 12:50:06 [notice] 1#1: worker process 36 exited with code 0
2024/09/12 12:50:06 [notice] 1#1: exit
2024/09/12 12:50:17 [notice] 1#1: using the "epoll" event method
2024/09/12 12:50:17 [notice] 1#1: nginx/1.26.2
2024/09/12 12:50:17 [notice] 1#1: built by gcc 13.2.1 20240309 (Alpine 13.2.1_git20240309) 
2024/09/12 12:50:17 [notice] 1#1: OS: Linux 6.10.0-linuxkit
2024/09/12 12:50:17 [notice] 1#1: getrlimit(RLIMIT_NOFILE): 1048576:1048576
2024/09/12 12:50:17 [notice] 1#1: start worker processes
2024/09/12 12:50:17 [notice] 1#1: start worker process 30
2024/09/12 12:50:17 [notice] 1#1: start worker process 31
2024/09/12 12:50:17 [notice] 1#1: start worker process 32
2024/09/12 12:50:17 [notice] 1#1: start worker process 33
2024/09/12 12:50:17 [notice] 1#1: start worker process 34
2024/09/12 12:50:17 [notice] 1#1: start worker process 35
2024/09/12 12:50:17 [notice] 1#1: start worker process 36
2024/09/12 12:50:17 [notice] 1#1: start worker process 37
2024/09/12 12:50:17 [notice] 1#1: start worker process 38
2024/09/12 12:50:17 [notice] 1#1: start worker process 39
2024/09/12 12:50:17 [notice] 1#1: start worker process 40
2024/09/12 12:51:49 [notice] 1#1: signal 3 (SIGQUIT) received, shutting down
2024/09/12 12:51:49 [notice] 33#33: gracefully shutting down
2024/09/12 12:51:49 [notice] 37#37: gracefully shutting down
2024/09/12 12:51:49 [notice] 39#39: gracefully shutting down
2024/09/12 12:51:49 [notice] 38#38: gracefully shutting down
2024/09/12 12:51:49 [notice] 38#38: exiting
2024/09/12 12:51:49 [notice] 35#35: gracefully shutting down
2024/09/12 12:51:49 [notice] 38#38: exit
2024/09/12 12:51:49 [notice] 30#30: gracefully shutting down
2024/09/12 12:51:49 [notice] 30#30: exiting
2024/09/12 12:51:49 [notice] 34#34: gracefully shutting down
2024/09/12 12:51:49 [notice] 34#34: exiting
2024/09/12 12:51:49 [notice] 32#32: gracefully shutting down
2024/09/12 12:51:49 [notice] 31#31: gracefully shutting down
2024/09/12 12:51:49 [notice] 36#36: gracefully shutting down
2024/09/12 12:51:49 [notice] 33#33: exiting
2024/09/12 12:51:49 [notice] 40#40: gracefully shutting down
2024/09/12 12:51:49 [notice] 37#37: exiting
2024/09/12 12:51:49 [notice] 39#39: exiting
2024/09/12 12:51:49 [notice] 35#35: exiting
2024/09/12 12:51:49 [notice] 39#39: exit
2024/09/12 12:51:49 [notice] 30#30: exit
2024/09/12 12:51:49 [notice] 34#34: exit
2024/09/12 12:51:49 [notice] 32#32: exiting
2024/09/12 12:51:49 [notice] 31#31: exiting
2024/09/12 12:51:49 [notice] 36#36: exiting
2024/09/12 12:51:49 [notice] 33#33: exit
2024/09/12 12:51:49 [notice] 40#40: exiting
2024/09/12 12:51:49 [notice] 37#37: exit
2024/09/12 12:51:49 [notice] 35#35: exit
2024/09/12 12:51:49 [notice] 32#32: exit
2024/09/12 12:51:49 [notice] 31#31: exit
2024/09/12 12:51:49 [notice] 36#36: exit
2024/09/12 12:51:49 [notice] 40#40: exit
2024/09/12 12:51:49 [notice] 1#1: signal 17 (SIGCHLD) received from 40
2024/09/12 12:51:49 [notice] 1#1: worker process 40 exited with code 0
2024/09/12 12:51:49 [notice] 1#1: signal 29 (SIGIO) received
2024/09/12 12:51:49 [notice] 1#1: signal 17 (SIGCHLD) received from 35
2024/09/12 12:51:49 [notice] 1#1: worker process 31 exited with code 0
2024/09/12 12:51:49 [notice] 1#1: worker process 35 exited with code 0
2024/09/12 12:51:49 [notice] 1#1: worker process 37 exited with code 0
2024/09/12 12:51:49 [notice] 1#1: worker process 38 exited with code 0
2024/09/12 12:51:49 [notice] 1#1: worker process 39 exited with code 0
2024/09/12 12:51:49 [notice] 1#1: signal 29 (SIGIO) received
2024/09/12 12:51:49 [notice] 1#1: signal 17 (SIGCHLD) received from 37
2024/09/12 12:51:49 [notice] 1#1: signal 17 (SIGCHLD) received from 30
2024/09/12 12:51:49 [notice] 1#1: worker process 30 exited with code 0
2024/09/12 12:51:49 [notice] 1#1: worker process 34 exited with code 0
2024/09/12 12:51:49 [notice] 1#1: worker process 32 exited with code 0
2024/09/12 12:51:49 [notice] 1#1: worker process 33 exited with code 0
2024/09/12 12:51:49 [notice] 1#1: worker process 36 exited with code 0
2024/09/12 12:51:49 [notice] 1#1: exit
2024/09/12 12:51:58 [notice] 1#1: using the "epoll" event method
2024/09/12 12:51:58 [notice] 1#1: nginx/1.26.2
2024/09/12 12:51:58 [notice] 1#1: built by gcc 13.2.1 20240309 (Alpine 13.2.1_git20240309) 
2024/09/12 12:51:58 [notice] 1#1: OS: Linux 6.10.0-linuxkit
2024/09/12 12:51:58 [notice] 1#1: getrlimit(RLIMIT_NOFILE): 1048576:1048576
2024/09/12 12:51:58 [notice] 1#1: start worker processes
2024/09/12 12:51:58 [notice] 1#1: start worker process 30
2024/09/12 12:51:58 [notice] 1#1: start worker process 31
2024/09/12 12:51:58 [notice] 1#1: start worker process 32
2024/09/12 12:51:58 [notice] 1#1: start worker process 33
2024/09/12 12:51:58 [notice] 1#1: start worker process 34
2024/09/12 12:51:58 [notice] 1#1: start worker process 35
2024/09/12 12:51:58 [notice] 1#1: start worker process 36
2024/09/12 12:51:58 [notice] 1#1: start worker process 37
2024/09/12 12:51:58 [notice] 1#1: start worker process 38
2024/09/12 12:51:58 [notice] 1#1: start worker process 39
2024/09/12 12:51:58 [notice] 1#1: start worker process 40
2024/09/12 13:13:08 [notice] 1#1: signal 3 (SIGQUIT) received, shutting down
2024/09/12 13:13:08 [notice] 32#32: gracefully shutting down
2024/09/12 13:13:08 [notice] 34#34: gracefully shutting down
2024/09/12 13:13:08 [notice] 30#30: gracefully shutting down
2024/09/12 13:13:08 [notice] 31#31: gracefully shutting down
2024/09/12 13:13:08 [notice] 33#33: gracefully shutting down
2024/09/12 13:13:08 [notice] 39#39: gracefully shutting down
2024/09/12 13:13:08 [notice] 39#39: exiting
2024/09/12 13:13:08 [notice] 35#35: gracefully shutting down
2024/09/12 13:13:08 [notice] 36#36: gracefully shutting down
2024/09/12 13:13:08 [notice] 37#37: gracefully shutting down
2024/09/12 13:13:08 [notice] 40#40: gracefully shutting down
2024/09/12 13:13:08 [notice] 38#38: gracefully shutting down
2024/09/12 13:13:08 [notice] 32#32: exiting
2024/09/12 13:13:08 [notice] 34#34: exiting
2024/09/12 13:13:08 [notice] 30#30: exiting
2024/09/12 13:13:08 [notice] 31#31: exiting
2024/09/12 13:13:08 [notice] 30#30: exit
2024/09/12 13:13:08 [notice] 33#33: exiting
2024/09/12 13:13:08 [notice] 35#35: exiting
2024/09/12 13:13:08 [notice] 33#33: exit
2024/09/12 13:13:08 [notice] 39#39: exit
2024/09/12 13:13:08 [notice] 36#36: exiting
2024/09/12 13:13:08 [notice] 37#37: exiting
2024/09/12 13:13:08 [notice] 36#36: exit
2024/09/12 13:13:08 [notice] 40#40: exiting
2024/09/12 13:13:08 [notice] 38#38: exiting
2024/09/12 13:13:08 [notice] 40#40: exit
2024/09/12 13:13:08 [notice] 32#32: exit
2024/09/12 13:13:08 [notice] 34#34: exit
2024/09/12 13:13:08 [notice] 31#31: exit
2024/09/12 13:13:08 [notice] 35#35: exit
2024/09/12 13:13:08 [notice] 37#37: exit
2024/09/12 13:13:08 [notice] 38#38: exit
2024/09/12 13:13:08 [notice] 1#1: signal 17 (SIGCHLD) received from 30
2024/09/12 13:13:08 [notice] 1#1: worker process 30 exited with code 0
2024/09/12 13:13:08 [notice] 1#1: worker process 32 exited with code 0
2024/09/12 13:13:08 [notice] 1#1: worker process 34 exited with code 0
2024/09/12 13:13:08 [notice] 1#1: worker process 37 exited with code 0
2024/09/12 13:13:08 [notice] 1#1: worker process 40 exited with code 0
2024/09/12 13:13:08 [notice] 1#1: signal 29 (SIGIO) received
2024/09/12 13:13:08 [notice] 1#1: signal 17 (SIGCHLD) received from 32
2024/09/12 13:13:08 [notice] 1#1: signal 17 (SIGCHLD) received from 38
2024/09/12 13:13:08 [notice] 1#1: worker process 33 exited with code 0
2024/09/12 13:13:08 [notice] 1#1: worker process 38 exited with code 0
2024/09/12 13:13:08 [notice] 1#1: worker process 39 exited with code 0
2024/09/12 13:13:08 [notice] 1#1: signal 29 (SIGIO) received
2024/09/12 13:13:08 [notice] 1#1: signal 17 (SIGCHLD) received from 39
2024/09/12 13:13:08 [notice] 1#1: signal 17 (SIGCHLD) received from 36
2024/09/12 13:13:08 [notice] 1#1: worker process 31 exited with code 0
2024/09/12 13:13:08 [notice] 1#1: worker process 35 exited with code 0
2024/09/12 13:13:08 [notice] 1#1: worker process 36 exited with code 0
2024/09/12 13:13:08 [notice] 1#1: exit
2024/09/12 13:13:15 [notice] 1#1: using the "epoll" event method
2024/09/12 13:13:15 [notice] 1#1: nginx/1.26.2
2024/09/12 13:13:15 [notice] 1#1: built by gcc 13.2.1 20240309 (Alpine 13.2.1_git20240309) 
2024/09/12 13:13:15 [notice] 1#1: OS: Linux 6.10.0-linuxkit
2024/09/12 13:13:15 [notice] 1#1: getrlimit(RLIMIT_NOFILE): 1048576:1048576
2024/09/12 13:13:15 [notice] 1#1: start worker processes
2024/09/12 13:13:15 [notice] 1#1: start worker process 30
2024/09/12 13:13:15 [notice] 1#1: start worker process 31
2024/09/12 13:13:15 [notice] 1#1: start worker process 32
2024/09/12 13:13:15 [notice] 1#1: start worker process 33
2024/09/12 13:13:15 [notice] 1#1: start worker process 34
2024/09/12 13:13:15 [notice] 1#1: start worker process 35
2024/09/12 13:13:15 [notice] 1#1: start worker process 36
2024/09/12 13:13:15 [notice] 1#1: start worker process 37
2024/09/12 13:13:15 [notice] 1#1: start worker process 38
2024/09/12 13:13:15 [notice] 1#1: start worker process 39
2024/09/12 13:13:15 [notice] 1#1: start worker process 40
2024/09/12 13:17:25 [notice] 1#1: signal 3 (SIGQUIT) received, shutting down
2024/09/12 13:17:25 [notice] 31#31: gracefully shutting down
2024/09/12 13:17:25 [notice] 40#40: gracefully shutting down
2024/09/12 13:17:25 [notice] 30#30: gracefully shutting down
2024/09/12 13:17:25 [notice] 34#34: gracefully shutting down
2024/09/12 13:17:25 [notice] 34#34: exiting
2024/09/12 13:17:25 [notice] 36#36: gracefully shutting down
2024/09/12 13:17:25 [notice] 36#36: exiting
2024/09/12 13:17:25 [notice] 32#32: gracefully shutting down
2024/09/12 13:17:25 [notice] 39#39: gracefully shutting down
2024/09/12 13:17:25 [notice] 37#37: gracefully shutting down
2024/09/12 13:17:25 [notice] 33#33: gracefully shutting down
2024/09/12 13:17:25 [notice] 31#31: exiting
2024/09/12 13:17:25 [notice] 38#38: gracefully shutting down
2024/09/12 13:17:25 [notice] 38#38: exiting
2024/09/12 13:17:25 [notice] 35#35: gracefully shutting down
2024/09/12 13:17:25 [notice] 40#40: exiting
2024/09/12 13:17:25 [notice] 30#30: exiting
2024/09/12 13:17:25 [notice] 34#34: exit
2024/09/12 13:17:25 [notice] 30#30: exit
2024/09/12 13:17:25 [notice] 36#36: exit
2024/09/12 13:17:25 [notice] 32#32: exiting
2024/09/12 13:17:25 [notice] 39#39: exiting
2024/09/12 13:17:25 [notice] 37#37: exiting
2024/09/12 13:17:25 [notice] 33#33: exiting
2024/09/12 13:17:25 [notice] 31#31: exit
2024/09/12 13:17:25 [notice] 33#33: exit
2024/09/12 13:17:25 [notice] 38#38: exit
2024/09/12 13:17:25 [notice] 35#35: exiting
2024/09/12 13:17:25 [notice] 40#40: exit
2024/09/12 13:17:25 [notice] 32#32: exit
2024/09/12 13:17:25 [notice] 39#39: exit
2024/09/12 13:17:25 [notice] 37#37: exit
2024/09/12 13:17:25 [notice] 35#35: exit
2024/09/12 13:17:25 [notice] 1#1: signal 17 (SIGCHLD) received from 40
2024/09/12 13:17:25 [notice] 1#1: worker process 32 exited with code 0
2024/09/12 13:17:25 [notice] 1#1: worker process 31 exited with code 0
2024/09/12 13:17:25 [notice] 1#1: worker process 34 exited with code 0
2024/09/12 13:17:25 [notice] 1#1: worker process 30 exited with code 0
2024/09/12 13:17:25 [notice] 1#1: worker process 36 exited with code 0
2024/09/12 13:17:25 [notice] 1#1: worker process 40 exited with code 0
2024/09/12 13:17:25 [notice] 1#1: signal 29 (SIGIO) received
2024/09/12 13:17:25 [notice] 1#1: signal 17 (SIGCHLD) received from 32
2024/09/12 13:17:25 [notice] 1#1: signal 17 (SIGCHLD) received from 37
2024/09/12 13:17:25 [notice] 1#1: worker process 33 exited with code 0
2024/09/12 13:17:25 [notice] 1#1: worker process 35 exited with code 0
2024/09/12 13:17:25 [notice] 1#1: worker process 37 exited with code 0
2024/09/12 13:17:25 [notice] 1#1: worker process 38 exited with code 0
2024/09/12 13:17:25 [notice] 1#1: worker process 39 exited with code 0
2024/09/12 13:17:25 [notice] 1#1: exit
2024/09/12 13:17:37 [notice] 1#1: using the "epoll" event method
2024/09/12 13:17:37 [notice] 1#1: nginx/1.26.2
2024/09/12 13:17:37 [notice] 1#1: built by gcc 13.2.1 20240309 (Alpine 13.2.1_git20240309) 
2024/09/12 13:17:37 [notice] 1#1: OS: Linux 6.10.0-linuxkit
2024/09/12 13:17:37 [notice] 1#1: getrlimit(RLIMIT_NOFILE): 1048576:1048576
2024/09/12 13:17:37 [notice] 1#1: start worker processes
2024/09/12 13:17:37 [notice] 1#1: start worker process 22
2024/09/12 13:17:37 [notice] 1#1: start worker process 23
2024/09/12 13:17:37 [notice] 1#1: start worker process 24
2024/09/12 13:17:37 [notice] 1#1: start worker process 25
2024/09/12 13:17:37 [notice] 1#1: start worker process 26
2024/09/12 13:17:37 [notice] 1#1: start worker process 27
2024/09/12 13:17:37 [notice] 1#1: start worker process 28
2024/09/12 13:17:37 [notice] 1#1: start worker process 29
2024/09/12 13:17:37 [notice] 1#1: start worker process 30
2024/09/12 13:17:37 [notice] 1#1: start worker process 31
2024/09/12 13:17:37 [notice] 1#1: start worker process 32
2024/09/12 13:31:06 [notice] 1#1: signal 3 (SIGQUIT) received, shutting down
2024/09/12 13:31:06 [notice] 23#23: gracefully shutting down
2024/09/12 13:31:06 [notice] 23#23: exiting
2024/09/12 13:31:06 [notice] 31#31: gracefully shutting down
2024/09/12 13:31:06 [notice] 31#31: exiting
2024/09/12 13:31:06 [notice] 25#25: gracefully shutting down
2024/09/12 13:31:06 [notice] 28#28: gracefully shutting down
2024/09/12 13:31:06 [notice] 32#32: gracefully shutting down
2024/09/12 13:31:06 [notice] 32#32: exiting
2024/09/12 13:31:06 [notice] 27#27: gracefully shutting down
2024/09/12 13:31:06 [notice] 22#22: gracefully shutting down
2024/09/12 13:31:06 [notice] 24#24: gracefully shutting down
2024/09/12 13:31:06 [notice] 29#29: gracefully shutting down
2024/09/12 13:31:06 [notice] 26#26: gracefully shutting down
2024/09/12 13:31:06 [notice] 26#26: exiting
2024/09/12 13:31:06 [notice] 23#23: exit
2024/09/12 13:31:06 [notice] 30#30: gracefully shutting down
2024/09/12 13:31:06 [notice] 31#31: exit
2024/09/12 13:31:06 [notice] 25#25: exiting
2024/09/12 13:31:06 [notice] 28#28: exiting
2024/09/12 13:31:06 [notice] 32#32: exit
2024/09/12 13:31:06 [notice] 27#27: exiting
2024/09/12 13:31:06 [notice] 22#22: exiting
2024/09/12 13:31:06 [notice] 24#24: exiting
2024/09/12 13:31:06 [notice] 29#29: exiting
2024/09/12 13:31:06 [notice] 26#26: exit
2024/09/12 13:31:06 [notice] 30#30: exiting
2024/09/12 13:31:06 [notice] 25#25: exit
2024/09/12 13:31:06 [notice] 30#30: exit
2024/09/12 13:31:06 [notice] 28#28: exit
2024/09/12 13:31:06 [notice] 27#27: exit
2024/09/12 13:31:06 [notice] 22#22: exit
2024/09/12 13:31:06 [notice] 24#24: exit
2024/09/12 13:31:06 [notice] 29#29: exit
2024/09/12 13:31:06 [notice] 1#1: signal 17 (SIGCHLD) received from 27
2024/09/12 13:31:06 [notice] 1#1: worker process 22 exited with code 0
2024/09/12 13:31:06 [notice] 1#1: worker process 24 exited with code 0
2024/09/12 13:31:06 [notice] 1#1: worker process 27 exited with code 0
2024/09/12 13:31:06 [notice] 1#1: worker process 28 exited with code 0
2024/09/12 13:31:06 [notice] 1#1: worker process 32 exited with code 0
2024/09/12 13:31:06 [notice] 1#1: signal 29 (SIGIO) received
2024/09/12 13:31:06 [notice] 1#1: signal 17 (SIGCHLD) received from 24
2024/09/12 13:31:06 [notice] 1#1: signal 17 (SIGCHLD) received from 29
2024/09/12 13:31:06 [notice] 1#1: worker process 23 exited with code 0
2024/09/12 13:31:06 [notice] 1#1: worker process 25 exited with code 0
2024/09/12 13:31:06 [notice] 1#1: worker process 26 exited with code 0
2024/09/12 13:31:06 [notice] 1#1: worker process 29 exited with code 0
2024/09/12 13:31:06 [notice] 1#1: worker process 30 exited with code 0
2024/09/12 13:31:06 [notice] 1#1: worker process 31 exited with code 0
2024/09/12 13:31:06 [notice] 1#1: exit
2024/09/12 13:31:15 [notice] 1#1: using the "epoll" event method
2024/09/12 13:31:15 [notice] 1#1: nginx/1.26.2
2024/09/12 13:31:15 [notice] 1#1: built by gcc 13.2.1 20240309 (Alpine 13.2.1_git20240309) 
2024/09/12 13:31:15 [notice] 1#1: OS: Linux 6.10.0-linuxkit
2024/09/12 13:31:15 [notice] 1#1: getrlimit(RLIMIT_NOFILE): 1048576:1048576
2024/09/12 13:31:15 [notice] 1#1: start worker processes
2024/09/12 13:31:15 [notice] 1#1: start worker process 29
2024/09/12 13:31:15 [notice] 1#1: start worker process 30
2024/09/12 13:31:15 [notice] 1#1: start worker process 31
2024/09/12 13:31:15 [notice] 1#1: start worker process 32
2024/09/12 13:31:15 [notice] 1#1: start worker process 33
2024/09/12 13:31:15 [notice] 1#1: start worker process 34
2024/09/12 13:31:15 [notice] 1#1: start worker process 35
2024/09/12 13:31:15 [notice] 1#1: start worker process 36
2024/09/12 13:31:15 [notice] 1#1: start worker process 37
2024/09/12 13:31:15 [notice] 1#1: start worker process 38
2024/09/12 13:31:15 [notice] 1#1: start worker process 39
2024/09/12 14:06:45 [notice] 1#1: signal 3 (SIGQUIT) received, shutting down
2024/09/12 14:06:45 [notice] 29#29: gracefully shutting down
2024/09/12 14:06:45 [notice] 32#32: gracefully shutting down
2024/09/12 14:06:45 [notice] 34#34: gracefully shutting down
2024/09/12 14:06:45 [notice] 35#35: gracefully shutting down
2024/09/12 14:06:45 [notice] 35#35: exiting
2024/09/12 14:06:45 [notice] 30#30: gracefully shutting down
2024/09/12 14:06:45 [notice] 30#30: exiting
2024/09/12 14:06:45 [notice] 38#38: gracefully shutting down
2024/09/12 14:06:45 [notice] 38#38: exiting
2024/09/12 14:06:45 [notice] 31#31: gracefully shutting down
2024/09/12 14:06:45 [notice] 39#39: gracefully shutting down
2024/09/12 14:06:45 [notice] 37#37: gracefully shutting down
2024/09/12 14:06:45 [notice] 36#36: gracefully shutting down
2024/09/12 14:06:45 [notice] 33#33: gracefully shutting down
2024/09/12 14:06:45 [notice] 29#29: exiting
2024/09/12 14:06:45 [notice] 32#32: exiting
2024/09/12 14:06:45 [notice] 34#34: exiting
2024/09/12 14:06:45 [notice] 32#32: exit
2024/09/12 14:06:45 [notice] 35#35: exit
2024/09/12 14:06:45 [notice] 30#30: exit
2024/09/12 14:06:45 [notice] 38#38: exit
2024/09/12 14:06:45 [notice] 31#31: exiting
2024/09/12 14:06:45 [notice] 39#39: exiting
2024/09/12 14:06:45 [notice] 37#37: exiting
2024/09/12 14:06:45 [notice] 39#39: exit
2024/09/12 14:06:45 [notice] 36#36: exiting
2024/09/12 14:06:45 [notice] 33#33: exiting
2024/09/12 14:06:45 [notice] 29#29: exit
2024/09/12 14:06:45 [notice] 34#34: exit
2024/09/12 14:06:45 [notice] 31#31: exit
2024/09/12 14:06:45 [notice] 37#37: exit
2024/09/12 14:06:45 [notice] 36#36: exit
2024/09/12 14:06:45 [notice] 33#33: exit
2024/09/12 14:06:46 [notice] 1#1: signal 17 (SIGCHLD) received from 33
2024/09/12 14:06:46 [notice] 1#1: worker process 30 exited with code 0
2024/09/12 14:06:46 [notice] 1#1: worker process 29 exited with code 0
2024/09/12 14:06:46 [notice] 1#1: worker process 31 exited with code 0
2024/09/12 14:06:46 [notice] 1#1: worker process 32 exited with code 0
2024/09/12 14:06:46 [notice] 1#1: worker process 33 exited with code 0
2024/09/12 14:06:46 [notice] 1#1: worker process 34 exited with code 0
2024/09/12 14:06:46 [notice] 1#1: worker process 35 exited with code 0
2024/09/12 14:06:46 [notice] 1#1: worker process 36 exited with code 0
2024/09/12 14:06:46 [notice] 1#1: worker process 37 exited with code 0
2024/09/12 14:06:46 [notice] 1#1: worker process 38 exited with code 0
2024/09/12 14:06:46 [notice] 1#1: worker process 39 exited with code 0
2024/09/12 14:06:46 [notice] 1#1: exit
2024/09/12 14:38:42 [notice] 1#1: using the "epoll" event method
2024/09/12 14:38:42 [notice] 1#1: nginx/1.26.2
2024/09/12 14:38:42 [notice] 1#1: built by gcc 13.2.1 20240309 (Alpine 13.2.1_git20240309) 
2024/09/12 14:38:42 [notice] 1#1: OS: Linux 6.10.0-linuxkit
2024/09/12 14:38:42 [notice] 1#1: getrlimit(RLIMIT_NOFILE): 1048576:1048576
2024/09/12 14:38:42 [notice] 1#1: start worker processes
2024/09/12 14:38:42 [notice] 1#1: start worker process 30
2024/09/12 14:38:42 [notice] 1#1: start worker process 31
2024/09/12 14:38:42 [notice] 1#1: start worker process 32
2024/09/12 14:38:42 [notice] 1#1: start worker process 33
2024/09/12 14:38:42 [notice] 1#1: start worker process 34
2024/09/12 14:38:42 [notice] 1#1: start worker process 35
2024/09/12 14:38:42 [notice] 1#1: start worker process 36
2024/09/12 14:38:42 [notice] 1#1: start worker process 37
2024/09/12 14:38:42 [notice] 1#1: start worker process 38
2024/09/12 14:38:42 [notice] 1#1: start worker process 39
2024/09/12 14:38:42 [notice] 1#1: start worker process 40
2024/09/12 14:58:13 [notice] 1#1: signal 3 (SIGQUIT) received, shutting down
2024/09/12 14:58:13 [notice] 30#30: gracefully shutting down
2024/09/12 14:58:13 [notice] 30#30: exiting
2024/09/12 14:58:13 [notice] 31#31: gracefully shutting down
2024/09/12 14:58:13 [notice] 31#31: exiting
2024/09/12 14:58:13 [notice] 32#32: gracefully shutting down
2024/09/12 14:58:13 [notice] 37#37: gracefully shutting down
2024/09/12 14:58:13 [notice] 35#35: gracefully shutting down
2024/09/12 14:58:13 [notice] 33#33: gracefully shutting down
2024/09/12 14:58:13 [notice] 40#40: gracefully shutting down
2024/09/12 14:58:13 [notice] 34#34: gracefully shutting down
2024/09/12 14:58:13 [notice] 39#39: gracefully shutting down
2024/09/12 14:58:13 [notice] 38#38: gracefully shutting down
2024/09/12 14:58:13 [notice] 38#38: exiting
2024/09/12 14:58:13 [notice] 36#36: gracefully shutting down
2024/09/12 14:58:13 [notice] 30#30: exit
2024/09/12 14:58:13 [notice] 31#31: exit
2024/09/12 14:58:13 [notice] 32#32: exiting
2024/09/12 14:58:13 [notice] 37#37: exiting
2024/09/12 14:58:13 [notice] 35#35: exiting
2024/09/12 14:58:13 [notice] 33#33: exiting
2024/09/12 14:58:13 [notice] 35#35: exit
2024/09/12 14:58:13 [notice] 40#40: exiting
2024/09/12 14:58:13 [notice] 34#34: exiting
2024/09/12 14:58:13 [notice] 39#39: exiting
2024/09/12 14:58:13 [notice] 38#38: exit
2024/09/12 14:58:13 [notice] 39#39: exit
2024/09/12 14:58:13 [notice] 36#36: exiting
2024/09/12 14:58:13 [notice] 32#32: exit
2024/09/12 14:58:13 [notice] 37#37: exit
2024/09/12 14:58:13 [notice] 33#33: exit
2024/09/12 14:58:13 [notice] 40#40: exit
2024/09/12 14:58:13 [notice] 34#34: exit
2024/09/12 14:58:13 [notice] 36#36: exit
2024/09/12 14:58:13 [notice] 1#1: signal 17 (SIGCHLD) received from 33
2024/09/12 14:58:13 [notice] 1#1: worker process 33 exited with code 0
2024/09/12 14:58:13 [notice] 1#1: worker process 35 exited with code 0
2024/09/12 14:58:13 [notice] 1#1: worker process 39 exited with code 0
2024/09/12 14:58:13 [notice] 1#1: worker process 40 exited with code 0
2024/09/12 14:58:13 [notice] 1#1: signal 29 (SIGIO) received
2024/09/12 14:58:13 [notice] 1#1: signal 17 (SIGCHLD) received from 35
2024/09/12 14:58:13 [notice] 1#1: signal 17 (SIGCHLD) received from 30
2024/09/12 14:58:13 [notice] 1#1: worker process 30 exited with code 0
2024/09/12 14:58:13 [notice] 1#1: worker process 31 exited with code 0
2024/09/12 14:58:13 [notice] 1#1: worker process 32 exited with code 0
2024/09/12 14:58:13 [notice] 1#1: worker process 34 exited with code 0
2024/09/12 14:58:13 [notice] 1#1: worker process 36 exited with code 0
2024/09/12 14:58:13 [notice] 1#1: worker process 37 exited with code 0
2024/09/12 14:58:13 [notice] 1#1: worker process 38 exited with code 0
2024/09/12 14:58:13 [notice] 1#1: exit
2024/09/13 07:45:01 [notice] 1#1: using the "epoll" event method
2024/09/13 07:45:01 [notice] 1#1: nginx/1.26.2
2024/09/13 07:45:01 [notice] 1#1: built by gcc 13.2.1 20240309 (Alpine 13.2.1_git20240309) 
2024/09/13 07:45:01 [notice] 1#1: OS: Linux 6.10.0-linuxkit
2024/09/13 07:45:01 [notice] 1#1: getrlimit(RLIMIT_NOFILE): 1048576:1048576
2024/09/13 07:45:01 [notice] 1#1: start worker processes
2024/09/13 07:45:01 [notice] 1#1: start worker process 30
2024/09/13 07:45:01 [notice] 1#1: start worker process 31
2024/09/13 07:45:01 [notice] 1#1: start worker process 32
2024/09/13 07:45:01 [notice] 1#1: start worker process 33
2024/09/13 07:45:01 [notice] 1#1: start worker process 34
2024/09/13 07:45:01 [notice] 1#1: start worker process 35
2024/09/13 07:45:01 [notice] 1#1: start worker process 36
2024/09/13 07:45:01 [notice] 1#1: start worker process 37
2024/09/13 07:45:01 [notice] 1#1: start worker process 38
2024/09/13 07:45:01 [notice] 1#1: start worker process 39
2024/09/13 07:45:01 [notice] 1#1: start worker process 40
2024/09/13 07:46:09 [notice] 1#1: signal 3 (SIGQUIT) received, shutting down
2024/09/13 07:46:09 [notice] 35#35: gracefully shutting down
2024/09/13 07:46:09 [notice] 38#38: gracefully shutting down
2024/09/13 07:46:09 [notice] 31#31: gracefully shutting down
2024/09/13 07:46:09 [notice] 31#31: exiting
2024/09/13 07:46:09 [notice] 34#34: gracefully shutting down
2024/09/13 07:46:09 [notice] 30#30: gracefully shutting down
2024/09/13 07:46:09 [notice] 37#37: gracefully shutting down
2024/09/13 07:46:09 [notice] 39#39: gracefully shutting down
2024/09/13 07:46:09 [notice] 32#32: gracefully shutting down
2024/09/13 07:46:09 [notice] 33#33: gracefully shutting down
2024/09/13 07:46:09 [notice] 40#40: gracefully shutting down
2024/09/13 07:46:09 [notice] 36#36: gracefully shutting down
2024/09/13 07:46:09 [notice] 35#35: exiting
2024/09/13 07:46:09 [notice] 38#38: exiting
2024/09/13 07:46:09 [notice] 31#31: exit
2024/09/13 07:46:09 [notice] 34#34: exiting
2024/09/13 07:46:09 [notice] 30#30: exiting
2024/09/13 07:46:09 [notice] 34#34: exit
2024/09/13 07:46:09 [notice] 37#37: exiting
2024/09/13 07:46:09 [notice] 39#39: exiting
2024/09/13 07:46:09 [notice] 32#32: exiting
2024/09/13 07:46:09 [notice] 39#39: exit
2024/09/13 07:46:09 [notice] 33#33: exiting
2024/09/13 07:46:09 [notice] 40#40: exiting
2024/09/13 07:46:09 [notice] 36#36: exiting
2024/09/13 07:46:09 [notice] 35#35: exit
2024/09/13 07:46:09 [notice] 38#38: exit
2024/09/13 07:46:09 [notice] 30#30: exit
2024/09/13 07:46:09 [notice] 37#37: exit
2024/09/13 07:46:09 [notice] 32#32: exit
2024/09/13 07:46:09 [notice] 33#33: exit
2024/09/13 07:46:09 [notice] 40#40: exit
2024/09/13 07:46:09 [notice] 36#36: exit
2024/09/13 07:46:09 [notice] 1#1: signal 17 (SIGCHLD) received from 39
2024/09/13 07:46:09 [notice] 1#1: worker process 34 exited with code 0
2024/09/13 07:46:09 [notice] 1#1: worker process 30 exited with code 0
2024/09/13 07:46:09 [notice] 1#1: worker process 31 exited with code 0
2024/09/13 07:46:09 [notice] 1#1: worker process 32 exited with code 0
2024/09/13 07:46:09 [notice] 1#1: worker process 33 exited with code 0
2024/09/13 07:46:09 [notice] 1#1: worker process 35 exited with code 0
2024/09/13 07:46:09 [notice] 1#1: worker process 36 exited with code 0
2024/09/13 07:46:09 [notice] 1#1: worker process 39 exited with code 0
2024/09/13 07:46:09 [notice] 1#1: worker process 40 exited with code 0
2024/09/13 07:46:09 [notice] 1#1: signal 29 (SIGIO) received
2024/09/13 07:46:09 [notice] 1#1: signal 17 (SIGCHLD) received from 30
2024/09/13 07:46:09 [notice] 1#1: signal 17 (SIGCHLD) received from 38
2024/09/13 07:46:09 [notice] 1#1: worker process 37 exited with code 0
2024/09/13 07:46:09 [notice] 1#1: worker process 38 exited with code 0
2024/09/13 07:46:09 [notice] 1#1: exit
